<?xml version="1.0" encoding="UTF-8"?>
<testsuite xmlns:xsi="http://www.w3.org/2001/XMLSchema-instance" xsi:noNamespaceSchemaLocation="https://maven.apache.org/surefire/maven-failsafe-plugin/xsd/failsafe-test-report-3.0.xsd" version="3.0" name="starter.CucumberTestSuite" time="61.084" tests="6" errors="0" skipped="0" failures="0">
  <properties>
[...]
</properties>
  <testcase name="As a registered user i want to be able to login" classname="login" time="9.661">
    <system-out><![CDATA[20:54:24.362 [main] DEBUG net.thucydides.core.guice.Injectors - Created injector for module net.thucydides.core.guice.ThucydidesModule
20:54:24.613 [main] DEBUG io.cucumber.core.plugin.SerenityReporter - Running feature from file:///C:/Users/TrisetioPutra/Documents/serenity_sauce/serenity-sepulsa/src/test/resources/features/Login.feature
20:54:24.785 [main] DEBUG net.thucydides.core.guice.Injectors - Created injector for module net.thucydides.core.guice.webdriver.WebDriverModule
20:54:24.816 [main] INFO  - 

-------------------------------------------------------------------------------------
     _______. _______ .______       _______ .__   __.  __  .___________.____    ____ 
    /       ||   ____||   _  \     |   ____||  \ |  | |  | |           |\   \  /   / 
   |   (----`|  |__   |  |_)  |    |  |__   |   \|  | |  | `---|  |----` \   \/   /  
    \   \    |   __|  |      /     |   __|  |  . `  | |  |     |  |       \_    _/   
.----)   |   |  |____ |  |\  \----.|  |____ |  |\   | |  |     |  |         |  |     
|_______/    |_______|| _| `._____||_______||__| \__| |__|     |__|         |__|    
                                                                                     
 News and tutorials at http://www.serenity-bdd.info                                  
 Documentation at https://wakaleo.gitbooks.io/the-serenity-book/content/             
 Join the Serenity Community on Gitter: https://gitter.im/serenity-bdd/serenity-core 
 Serenity BDD Support and Training at http://serenity-bdd.info/#/trainingandsupport  
-------------------------------------------------------------------------------------

20:54:24.818 [main] DEBUG net.thucydides.core.steps.StepEventBus - Test suite started for story net.thucydides.core.model.Story@23282f08
20:54:24.821 [main] INFO  - Test Suite Started: Login
20:54:24.840 [main] DEBUG io.cucumber.core.plugin.SerenityReporter - Running feature from file:///C:/Users/TrisetioPutra/Documents/serenity_sauce/serenity-sepulsa/src/test/resources/features/Order.feature
20:54:24.844 [main] DEBUG net.thucydides.core.steps.StepEventBus - Test suite started for story net.thucydides.core.model.Story@cc4b76a8
20:54:24.844 [main] INFO  - Test Suite Started: Order
20:54:24.844 [main] DEBUG io.cucumber.core.plugin.SerenityReporter - Running feature from file:///C:/Users/TrisetioPutra/Documents/serenity_sauce/serenity-sepulsa/src/test/resources/features/Product.feature
20:54:24.847 [main] DEBUG net.thucydides.core.steps.StepEventBus - Test suite started for story net.thucydides.core.model.Story@fdbc81c8
20:54:24.847 [main] INFO  - Test Suite Started: Product
20:54:24.848 [main] DEBUG io.cucumber.core.plugin.SerenityReporter - Running feature from file:///C:/Users/TrisetioPutra/Documents/serenity_sauce/serenity-sepulsa/src/test/resources/features/Login.feature
20:54:24.850 [main] DEBUG net.thucydides.core.steps.StepEventBus - Test suite started for story net.thucydides.core.model.Story@23282f08
20:54:24.850 [main] INFO  - Test Suite Started: Login

@login
Scenario Outline: As a registered user i want to be able to login               &amp#27;[90m# src/test/resources/features/Login.feature:11&amp#27;[0m
20:54:24.921 [main] DEBUG io.cucumber.core.plugin.SerenityReporter - Running feature from file:///C:/Users/TrisetioPutra/Documents/serenity_sauce/serenity-sepulsa/src/test/resources/features/Login.feature
20:54:25.062 [main] INFO  - 
  _____   ___   ___   _____     ___   _____     _     ___   _____   ___   ___  
 |_   _| | __| / __| |_   _|   / __| |_   _|   /_\   | _ \ |_   _| | __| |   \ 
   | |   | _|  \__ \   | |     \__ \   | |    / _ \  |   /   | |   | _|  | |) |
   |_|   |___| |___/   |_|     |___/   |_|   /_/ \_\ |_|_\   |_|   |___| |___/ 

As a registered user i want to be able to login(login;as-a-registered-user-i-want-to-be-able-to-login)
--------------------------------------------------------------------------------
20:54:25.121 [main] DEBUG net.thucydides.core.requirements.model.cucumber.CucumberParser - Loading feature C:\Users\TrisetioPutra\Documents\serenity_sauce\serenity-sepulsa\src\test\resources\features\Login.feature
20:54:25.143 [main] DEBUG net.thucydides.core.requirements.model.cucumber.CucumberParser - Loading feature C:\Users\TrisetioPutra\Documents\serenity_sauce\serenity-sepulsa\src\test\resources\features\Order.feature
20:54:25.152 [main] DEBUG net.thucydides.core.requirements.model.cucumber.CucumberParser - Loading feature C:\Users\TrisetioPutra\Documents\serenity_sauce\serenity-sepulsa\src\test\resources\features\Product.feature
20:54:25.845 [main] INFO net.serenitybdd.core.webdriver.driverproviders.DriverProvider - Using WebDriverManager configuration for chrome
20:54:26.207 [main] DEBUG io.github.bonigarcia.wdm.cache.ResolutionCache - Removing resolution chrome=111 from cache (expired on Tue Apr 04 20:30:25 WIB 2023)
20:54:26.230 [main] DEBUG org.apache.hc.client5.http.impl.classic.InternalHttpClient - ex-0000000001 preparing request execution
20:54:26.237 [main] DEBUG org.apache.hc.client5.http.protocol.RequestAddCookies - ex-0000000001 Cookie spec selected: strict
20:54:26.242 [main] DEBUG org.apache.hc.client5.http.protocol.RequestAuthCache - ex-0000000001 Auth cache not set in the context
20:54:26.242 [main] DEBUG org.apache.hc.client5.http.impl.classic.ProtocolExec - ex-0000000001 target auth state: UNCHALLENGED
20:54:26.243 [main] DEBUG org.apache.hc.client5.http.impl.classic.ProtocolExec - ex-0000000001 proxy auth state: UNCHALLENGED
20:54:26.244 [main] DEBUG org.apache.hc.client5.http.impl.classic.ConnectExec - ex-0000000001 acquiring connection with route {s}->https://raw.githubusercontent.com:443
20:54:26.244 [main] DEBUG org.apache.hc.client5.http.impl.classic.InternalHttpClient - ex-0000000001 acquiring endpoint (3 MINUTES)
20:54:26.245 [main] DEBUG org.apache.hc.client5.http.impl.io.PoolingHttpClientConnectionManager - ex-0000000001 endpoint lease request (3 MINUTES) [route: {s}->https://raw.githubusercontent.com:443][total available: 0; route allocated: 0 of 5; total allocated: 0 of 25]
20:54:26.248 [main] DEBUG org.apache.hc.client5.http.impl.io.PoolingHttpClientConnectionManager - ex-0000000001 endpoint leased [route: {s}->https://raw.githubusercontent.com:443][total available: 0; route allocated: 1 of 5; total allocated: 1 of 25]
20:54:26.261 [main] DEBUG org.apache.hc.client5.http.impl.io.PoolingHttpClientConnectionManager - ex-0000000001 acquired ep-0000000000
20:54:26.261 [main] DEBUG org.apache.hc.client5.http.impl.classic.InternalHttpClient - ex-0000000001 acquired endpoint ep-0000000000
20:54:26.261 [main] DEBUG org.apache.hc.client5.http.impl.classic.ConnectExec - ex-0000000001 opening connection {s}->https://raw.githubusercontent.com:443
20:54:26.262 [main] DEBUG org.apache.hc.client5.http.impl.classic.InternalHttpClient - ep-0000000000 connecting endpoint (30 SECONDS)
20:54:26.262 [main] DEBUG org.apache.hc.client5.http.impl.io.PoolingHttpClientConnectionManager - ep-0000000000 connecting endpoint to https://raw.githubusercontent.com:443 (30 SECONDS)
20:54:26.293 [main] DEBUG org.apache.hc.client5.http.impl.io.DefaultHttpClientConnectionOperator - http-outgoing-0 connecting to raw.githubusercontent.com/185.199.109.133:443
20:54:26.294 [main] DEBUG org.apache.hc.client5.http.ssl.SSLConnectionSocketFactory - Connecting socket to raw.githubusercontent.com/185.199.109.133:443 with timeout 30 SECONDS
20:54:26.386 [main] DEBUG org.apache.hc.client5.http.ssl.SSLConnectionSocketFactory - Enabled protocols: [TLSv1.3, TLSv1.2]
20:54:26.386 [main] DEBUG org.apache.hc.client5.http.ssl.SSLConnectionSocketFactory - Enabled cipher suites: [TLS_AES_256_GCM_SHA384, TLS_AES_128_GCM_SHA256, TLS_CHACHA20_POLY1305_SHA256, TLS_ECDHE_ECDSA_WITH_AES_256_GCM_SHA384, TLS_ECDHE_ECDSA_WITH_AES_128_GCM_SHA256, TLS_ECDHE_ECDSA_WITH_CHACHA20_POLY1305_SHA256, TLS_ECDHE_RSA_WITH_AES_256_GCM_SHA384, TLS_ECDHE_RSA_WITH_CHACHA20_POLY1305_SHA256, TLS_ECDHE_RSA_WITH_AES_128_GCM_SHA256, TLS_DHE_RSA_WITH_AES_256_GCM_SHA384, TLS_DHE_RSA_WITH_CHACHA20_POLY1305_SHA256, TLS_DHE_DSS_WITH_AES_256_GCM_SHA384, TLS_DHE_RSA_WITH_AES_128_GCM_SHA256, TLS_DHE_DSS_WITH_AES_128_GCM_SHA256, TLS_ECDHE_ECDSA_WITH_AES_256_CBC_SHA384, TLS_ECDHE_RSA_WITH_AES_256_CBC_SHA384, TLS_ECDHE_ECDSA_WITH_AES_128_CBC_SHA256, TLS_ECDHE_RSA_WITH_AES_128_CBC_SHA256, TLS_DHE_RSA_WITH_AES_256_CBC_SHA256, TLS_DHE_DSS_WITH_AES_256_CBC_SHA256, TLS_DHE_RSA_WITH_AES_128_CBC_SHA256, TLS_DHE_DSS_WITH_AES_128_CBC_SHA256, TLS_ECDH_ECDSA_WITH_AES_256_GCM_SHA384, TLS_ECDH_RSA_WITH_AES_256_GCM_SHA384, TLS_ECDH_ECDSA_WITH_AES_128_GCM_SHA256, TLS_ECDH_RSA_WITH_AES_128_GCM_SHA256, TLS_ECDH_ECDSA_WITH_AES_256_CBC_SHA384, TLS_ECDH_RSA_WITH_AES_256_CBC_SHA384, TLS_ECDH_ECDSA_WITH_AES_128_CBC_SHA256, TLS_ECDH_RSA_WITH_AES_128_CBC_SHA256, TLS_ECDHE_ECDSA_WITH_AES_256_CBC_SHA, TLS_ECDHE_RSA_WITH_AES_256_CBC_SHA, TLS_ECDHE_ECDSA_WITH_AES_128_CBC_SHA, TLS_ECDHE_RSA_WITH_AES_128_CBC_SHA, TLS_DHE_RSA_WITH_AES_256_CBC_SHA, TLS_DHE_DSS_WITH_AES_256_CBC_SHA, TLS_DHE_RSA_WITH_AES_128_CBC_SHA, TLS_DHE_DSS_WITH_AES_128_CBC_SHA, TLS_ECDH_ECDSA_WITH_AES_256_CBC_SHA, TLS_ECDH_RSA_WITH_AES_256_CBC_SHA, TLS_ECDH_ECDSA_WITH_AES_128_CBC_SHA, TLS_ECDH_RSA_WITH_AES_128_CBC_SHA, TLS_RSA_WITH_AES_256_GCM_SHA384, TLS_RSA_WITH_AES_128_GCM_SHA256, TLS_RSA_WITH_AES_256_CBC_SHA256, TLS_RSA_WITH_AES_128_CBC_SHA256, TLS_RSA_WITH_AES_256_CBC_SHA, TLS_RSA_WITH_AES_128_CBC_SHA, TLS_EMPTY_RENEGOTIATION_INFO_SCSV]
20:54:26.387 [main] DEBUG org.apache.hc.client5.http.ssl.SSLConnectionSocketFactory - Starting handshake
20:54:26.498 [main] DEBUG org.apache.hc.client5.http.ssl.SSLConnectionSocketFactory - Secure session established
20:54:26.498 [main] DEBUG org.apache.hc.client5.http.ssl.SSLConnectionSocketFactory -  negotiated protocol: TLSv1.3
20:54:26.498 [main] DEBUG org.apache.hc.client5.http.ssl.SSLConnectionSocketFactory -  negotiated cipher suite: TLS_AES_128_GCM_SHA256
20:54:26.498 [main] DEBUG org.apache.hc.client5.http.ssl.SSLConnectionSocketFactory -  peer principal: CN=*.github.io, O="GitHub, Inc.", L=San Francisco, ST=California, C=US
20:54:26.499 [main] DEBUG org.apache.hc.client5.http.ssl.SSLConnectionSocketFactory -  peer alternative names: [*.github.io, github.io, *.github.com, github.com, www.github.com, *.githubusercontent.com, githubusercontent.com]
20:54:26.499 [main] DEBUG org.apache.hc.client5.http.ssl.SSLConnectionSocketFactory -  issuer principal: CN=DigiCert TLS RSA SHA256 2020 CA1, O=DigiCert Inc, C=US
20:54:26.500 [main] DEBUG org.apache.hc.client5.http.impl.io.DefaultHttpClientConnectionOperator - http-outgoing-0 connection established 192.168.0.101:60239<->185.199.109.133:443
20:54:26.500 [main] DEBUG org.apache.hc.client5.http.impl.io.PoolingHttpClientConnectionManager - ep-0000000000 connected http-outgoing-0
20:54:26.500 [main] DEBUG org.apache.hc.client5.http.impl.classic.InternalHttpClient - ep-0000000000 endpoint connected
20:54:26.500 [main] DEBUG org.apache.hc.client5.http.impl.classic.MainClientExec - ex-0000000001 executing GET /bonigarcia/webdrivermanager/master/src/main/resources/commands.properties HTTP/1.1
20:54:26.501 [main] DEBUG org.apache.hc.client5.http.impl.classic.InternalHttpClient - ep-0000000000 start execution ex-0000000001
20:54:26.501 [main] DEBUG org.apache.hc.client5.http.impl.io.PoolingHttpClientConnectionManager - ep-0000000000 executing exchange ex-0000000001 over http-outgoing-0
20:54:26.501 [main] DEBUG org.apache.hc.client5.http.headers - http-outgoing-0 >> GET /bonigarcia/webdrivermanager/master/src/main/resources/commands.properties HTTP/1.1
20:54:26.501 [main] DEBUG org.apache.hc.client5.http.headers - http-outgoing-0 >> user-agent: Apache-HttpClient/5.0
20:54:26.501 [main] DEBUG org.apache.hc.client5.http.headers - http-outgoing-0 >> accept-encoding: gzip, deflate, br
20:54:26.501 [main] DEBUG org.apache.hc.client5.http.headers - http-outgoing-0 >> cache-control: max-age=0
20:54:26.501 [main] DEBUG org.apache.hc.client5.http.headers - http-outgoing-0 >> connection: keep-alive
20:54:26.501 [main] DEBUG org.apache.hc.client5.http.headers - http-outgoing-0 >> Host: raw.githubusercontent.com
20:54:26.501 [main] DEBUG org.apache.hc.client5.http.wire - http-outgoing-0 >> "GET /bonigarcia/webdrivermanager/master/src/main/resources/commands.properties HTTP/1.1[\r][\n]"
20:54:26.501 [main] DEBUG org.apache.hc.client5.http.wire - http-outgoing-0 >> "user-agent: Apache-HttpClient/5.0[\r][\n]"
20:54:26.501 [main] DEBUG org.apache.hc.client5.http.wire - http-outgoing-0 >> "accept-encoding: gzip, deflate, br[\r][\n]"
20:54:26.501 [main] DEBUG org.apache.hc.client5.http.wire - http-outgoing-0 >> "cache-control: max-age=0[\r][\n]"
20:54:26.501 [main] DEBUG org.apache.hc.client5.http.wire - http-outgoing-0 >> "connection: keep-alive[\r][\n]"
20:54:26.502 [main] DEBUG org.apache.hc.client5.http.wire - http-outgoing-0 >> "Host: raw.githubusercontent.com[\r][\n]"
20:54:26.502 [main] DEBUG org.apache.hc.client5.http.wire - http-outgoing-0 >> "[\r][\n]"
20:54:26.527 [main] DEBUG org.apache.hc.client5.http.wire - http-outgoing-0 << "HTTP/1.1 200 OK[\r][\n]"
20:54:26.527 [main] DEBUG org.apache.hc.client5.http.wire - http-outgoing-0 << "Connection: keep-alive[\r][\n]"
20:54:26.527 [main] DEBUG org.apache.hc.client5.http.wire - http-outgoing-0 << "Content-Length: 723[\r][\n]"
20:54:26.527 [main] DEBUG org.apache.hc.client5.http.wire - http-outgoing-0 << "Cache-Control: max-age=300[\r][\n]"
20:54:26.527 [main] DEBUG org.apache.hc.client5.http.wire - http-outgoing-0 << "Content-Security-Policy: default-src 'none'; style-src 'unsafe-inline'; sandbox[\r][\n]"
20:54:26.527 [main] DEBUG org.apache.hc.client5.http.wire - http-outgoing-0 << "Content-Type: text/plain; charset=utf-8[\r][\n]"
20:54:26.527 [main] DEBUG org.apache.hc.client5.http.wire - http-outgoing-0 << "ETag: W/"e82b438271e9e8680c688b0b680efd0bdd22faa6d6f0a32fc1fd8accc486b67e"[\r][\n]"
20:54:26.527 [main] DEBUG org.apache.hc.client5.http.wire - http-outgoing-0 << "Strict-Transport-Security: max-age=31536000[\r][\n]"
20:54:26.527 [main] DEBUG org.apache.hc.client5.http.wire - http-outgoing-0 << "X-Content-Type-Options: nosniff[\r][\n]"
20:54:26.528 [main] DEBUG org.apache.hc.client5.http.wire - http-outgoing-0 << "X-Frame-Options: deny[\r][\n]"
20:54:26.528 [main] DEBUG org.apache.hc.client5.http.wire - http-outgoing-0 << "X-XSS-Protection: 1; mode=block[\r][\n]"
20:54:26.528 [main] DEBUG org.apache.hc.client5.http.wire - http-outgoing-0 << "X-GitHub-Request-Id: C9D0:4DC9:32625:3FD1D:642B7FF3[\r][\n]"
20:54:26.528 [main] DEBUG org.apache.hc.client5.http.wire - http-outgoing-0 << "Content-Encoding: gzip[\r][\n]"
20:54:26.528 [main] DEBUG org.apache.hc.client5.http.wire - http-outgoing-0 << "Accept-Ranges: bytes[\r][\n]"
20:54:26.528 [main] DEBUG org.apache.hc.client5.http.wire - http-outgoing-0 << "Date: Tue, 04 Apr 2023 13:54:26 GMT[\r][\n]"
20:54:26.528 [main] DEBUG org.apache.hc.client5.http.wire - http-outgoing-0 << "Via: 1.1 varnish[\r][\n]"
20:54:26.528 [main] DEBUG org.apache.hc.client5.http.wire - http-outgoing-0 << "X-Served-By: cache-qpg1256-QPG[\r][\n]"
20:54:26.528 [main] DEBUG org.apache.hc.client5.http.wire - http-outgoing-0 << "X-Cache: HIT[\r][\n]"
20:54:26.528 [main] DEBUG org.apache.hc.client5.http.wire - http-outgoing-0 << "X-Cache-Hits: 2[\r][\n]"
20:54:26.528 [main] DEBUG org.apache.hc.client5.http.wire - http-outgoing-0 << "X-Timer: S1680616467.631432,VS0,VE0[\r][\n]"
20:54:26.528 [main] DEBUG org.apache.hc.client5.http.wire - http-outgoing-0 << "Vary: Authorization,Accept-Encoding,Origin[\r][\n]"
20:54:26.528 [main] DEBUG org.apache.hc.client5.http.wire - http-outgoing-0 << "Access-Control-Allow-Origin: *[\r][\n]"
20:54:26.528 [main] DEBUG org.apache.hc.client5.http.wire - http-outgoing-0 << "X-Fastly-Request-ID: 9415be3755592cc6fa55ee839c64a81b07e91eef[\r][\n]"
20:54:26.538 [main] DEBUG org.apache.hc.client5.http.wire - http-outgoing-0 << "Expires: Tue, 04 Apr 2023 13:59:26 GMT[\r][\n]"
20:54:26.538 [main] DEBUG org.apache.hc.client5.http.wire - http-outgoing-0 << "Source-Age: 212[\r][\n]"
20:54:26.538 [main] DEBUG org.apache.hc.client5.http.wire - http-outgoing-0 << "[\r][\n]"
20:54:26.540 [main] DEBUG org.apache.hc.client5.http.headers - http-outgoing-0 << HTTP/1.1 200 OK
20:54:26.540 [main] DEBUG org.apache.hc.client5.http.headers - http-outgoing-0 << Connection: keep-alive
20:54:26.540 [main] DEBUG org.apache.hc.client5.http.headers - http-outgoing-0 << Content-Length: 723
20:54:26.540 [main] DEBUG org.apache.hc.client5.http.headers - http-outgoing-0 << Cache-Control: max-age=300
20:54:26.540 [main] DEBUG org.apache.hc.client5.http.headers - http-outgoing-0 << Content-Security-Policy: default-src 'none'; style-src 'unsafe-inline'; sandbox
20:54:26.540 [main] DEBUG org.apache.hc.client5.http.headers - http-outgoing-0 << Content-Type: text/plain; charset=utf-8
20:54:26.540 [main] DEBUG org.apache.hc.client5.http.headers - http-outgoing-0 << ETag: W/"e82b438271e9e8680c688b0b680efd0bdd22faa6d6f0a32fc1fd8accc486b67e"
20:54:26.540 [main] DEBUG org.apache.hc.client5.http.headers - http-outgoing-0 << Strict-Transport-Security: max-age=31536000
20:54:26.540 [main] DEBUG org.apache.hc.client5.http.headers - http-outgoing-0 << X-Content-Type-Options: nosniff
20:54:26.540 [main] DEBUG org.apache.hc.client5.http.headers - http-outgoing-0 << X-Frame-Options: deny
20:54:26.540 [main] DEBUG org.apache.hc.client5.http.headers - http-outgoing-0 << X-XSS-Protection: 1; mode=block
20:54:26.540 [main] DEBUG org.apache.hc.client5.http.headers - http-outgoing-0 << X-GitHub-Request-Id: C9D0:4DC9:32625:3FD1D:642B7FF3
20:54:26.541 [main] DEBUG org.apache.hc.client5.http.headers - http-outgoing-0 << Content-Encoding: gzip
20:54:26.541 [main] DEBUG org.apache.hc.client5.http.headers - http-outgoing-0 << Accept-Ranges: bytes
20:54:26.541 [main] DEBUG org.apache.hc.client5.http.headers - http-outgoing-0 << Date: Tue, 04 Apr 2023 13:54:26 GMT
20:54:26.541 [main] DEBUG org.apache.hc.client5.http.headers - http-outgoing-0 << Via: 1.1 varnish
20:54:26.541 [main] DEBUG org.apache.hc.client5.http.headers - http-outgoing-0 << X-Served-By: cache-qpg1256-QPG
20:54:26.541 [main] DEBUG org.apache.hc.client5.http.headers - http-outgoing-0 << X-Cache: HIT
20:54:26.541 [main] DEBUG org.apache.hc.client5.http.headers - http-outgoing-0 << X-Cache-Hits: 2
20:54:26.541 [main] DEBUG org.apache.hc.client5.http.headers - http-outgoing-0 << X-Timer: S1680616467.631432,VS0,VE0
20:54:26.541 [main] DEBUG org.apache.hc.client5.http.headers - http-outgoing-0 << Vary: Authorization,Accept-Encoding,Origin
20:54:26.541 [main] DEBUG org.apache.hc.client5.http.headers - http-outgoing-0 << Access-Control-Allow-Origin: *
20:54:26.541 [main] DEBUG org.apache.hc.client5.http.headers - http-outgoing-0 << X-Fastly-Request-ID: 9415be3755592cc6fa55ee839c64a81b07e91eef
20:54:26.541 [main] DEBUG org.apache.hc.client5.http.headers - http-outgoing-0 << Expires: Tue, 04 Apr 2023 13:59:26 GMT
20:54:26.541 [main] DEBUG org.apache.hc.client5.http.headers - http-outgoing-0 << Source-Age: 212
20:54:26.543 [main] DEBUG org.apache.hc.client5.http.impl.classic.MainClientExec - ex-0000000001 connection can be kept alive for 3 MINUTES
20:54:26.547 [main] DEBUG org.apache.hc.client5.http.wire - http-outgoing-0 << "[0x1f][0xffffff8b][0x8][0x0][0x0][0x0][0x0][0x0][0x0][0x3][0xffffffb5]V]o[0xffffffda]0[0x14]}[0xffffffe7]W\[0xffffff81]*[0xffffffb5][0x12][0x1f][[M[0xffffffd3]$[0x1e]hF[0xffffffbb]i [0x18][0xffffffb4][0xffffffdd]&[0xfffffff9][0xffffffc5]$7[0xffffffc1]R[0x12]#;[0xffffff94]v[0xffffffbf]~[0xffffffb6][0xfffffff3]1[0xffffff92][0xffffff9a][0xffffffc1][0x1a]x[0xffffffcb][0xffffffb5][0xffffffaf][0xffffffcf]9[0xffffffbe][0xfffffff7]8v[0xb][0x1c][0x1e]E4[0xfffffff6]$x4[0xffffffa1][0xb]*[0xffffffb1][0xffffffd1][0xffffff82][0xfffffffb]%[0xffffff93][0xffffffe0][0xffffffb3][0x10][0xffffffc1][0xffffffe5]qBY,!Y[0xffffffea] KM8,[0x10][0xfffffff0][0x19][0xffffffdd]u[0xffffff82][0x1e][0xffffffb0][0xffffffd8]L[0xffffffcb]%[0xffffff86][0xffffffa1][0xe][0xffffffb8][0xfffffff0]P[0xffffffe8]$[0xf][0x13]t[0x13]3[0xfffffff9][0xffffff84]B2[0xffffffae][0xffffffe6]|@[0xfffffff5][0x1d][0x8][0xffffffc4][0x18][0x16][0xffffff82]o[0xffffffa4][0xffffff9a]P[0xffffff94][0xffffffe7][0xffffffce]R[0xfffffff0][0x8][0xffffffdb]p[0xffffffcb][0x4][0xfffffffa][0xfffffffc][0xffffffb9][\r][0xffffff93][0x15][\n]"
20:54:26.547 [main] DEBUG org.apache.hc.client5.http.wire - http-outgoing-0 << "[0xffffffda][0xffffff86][0xffffffa1][0x17][0xffffffa8]Q3[0xffffffcb][0xffffffd6][0xffffffd1][0xffffff85][0xffffffc6][0xfffffff7][0xffffff98][0xffffffef][0xffffffa3][0xffffffc0]8[0x1][0xffffffae]s[0x12][0x16][0x7] _d[0xffffff82][0xffffff91][0xffffff84][0xfffffff3][0x1f],[0xfffffff6][0x14]j[0x1b]F,^+[0xffffff98]1ua2[0xffffffbf]h([0xffffff8e][0xffffff94][0xffffffa2][0xffffff91]m[0xffffffa3][0xffffffeb][0xffffff9a][0xffffffb0][0xffffffbb]I[0x17]t[0xffffffdf][0xffffffbd][0xffffffef][0xffffffbb][0xffffff91][0xffffffd7]U[0xffffffbb][0xffffff82][0xffffff9e][0x3][0xffffff9b][0xffffff88][0xffffffb9][0xffffffa6]$[0xffffffa6][0xc][0xffffff9b][0xffffffa5][0xffffffe2][0xffffff83][0xffffff98]F[0xffffffd8]o[0xffffff9e]Mg[0xffffff93][0xffffffbb][0xffffffd9]`|[0xfffffffb]u4[0xffffff9c][0x7f]"}B[0xffffffce][0x8][0xffffffb9][0xffffffe3]<[0x8][0xffffff91][0xffffff90][0xffffff94][0xffffff82][0xffffff90][0xffffffc1]j[0x15]2WI[0xffffffe3]1![0x19][0xffffff91]BnB[0xffffff80][0x9]<f[0xffffffb5][0xffffffe8]=[0xffffffd1]p[0xffffffbd][[0xffffffcf][0xffffffe5][0x1b][0xfffffff4][0xffffff9c][0xffffffff][0xfffffffc][0xfffffff8][0xffffffe1][0xffffffe2][0xffffff94][0xffffffa2][0xffffffae][0xe][0x14]5[0xffffff9a]8[0xffffff83][0xffffffd1]`:[0xfffffffd]<[0xffffffb8][0x1f][0xffffff9c]R[0xffffffcf]u[0x7f]6[0xffffffbc][0xffffff83][0xffffffef][0xf][0xffffffc3][0xffffffd9]/[0xfffffff8][0xfffffff2][0xffffffcd]y s[0xffffffee]'[0x1b]*0g[0xffffffcb][0xffffffc8]nF7H][0xffffff83][0xffffff97]{[0xffffffb1]Q[0x5][\r][0xffffffb5]c[0xffffffb4][0xf][0x2][0xffffffb3][0xffffffb4][0xffffff93][0xe]C[0xffffffa7][0xffffffb3]kAD][0xffffff9d][0xffffffde][0xffffffdb][0xffffffda][0xffffff88][0xffffffec][0xffffffa5][0xffffffbc][0xffffff99][0xffffffd9][0xffffffba]t[0xffffffb5][0xffffffea]9[0xffffffea][0x10])[0xffffffb7][0xffffffca][0xffffff9e][0xfffffff2][0xffffffe2]d^N[0xffffffd8]FW[0x16][0xffffffcd][0xffffffdc]_[0x10][0xfffffff9]i|[0x1c][0xffffff93][0xffffff8e][0xfffffff9]o[0x16][0xffffff86]4'!$G[0xffffffdf]W[0xfffffff4]W*j[[0xfffffff3]xR[0xffffffae][0xffffffb6][0xc][0xffffffd0],; #[0xffffffa9][0xffffff92]5[0xffffffb5][0x7][0xffffff9c][0xffffffb5][0xffffffd0][0x7f][0xffffff90][0xffffffc7]jgs[0xfffffffc][0xffffffc2][0xb][0xffffffd9][0x0]t[0xffffff9e]^'Y[0xfffffffb][0xffffff9f][0xffffffb1][0xffffffd8]:[0xffffffbf][0xffffff8d][0xffffffa5][0xffffff9a][0xffffffad][0x7f]m[0x5]&[0xffffffaa][0xffffffa0]^[0xffffff9b][0xffffffcb][0x5]f[0xffffffae][0xffffffe0]RU[0xffffff82][0x10]MS9l[0xffffff91]4t[0xfffffffb][0xffffff8a]][0xffffffd6][0xfffffff4][0xffffff96][0xffffffa6][0xffffff9f]P[0xffffffce][0xffffffd5][0xffffffce][0xffffff93][0xffffffff][0xffffff97][0xffffffcc]p[0xfffffffd][0xfffffff3][0xffffffe8][0x1b][0xffffffcc][0xffffffa2][0xffffffd9]Q[0xffffffbe][0xffffffb2][0xffffffa3][0xffffffc7]m'[0xffffffdf][0xffffffe4][[0xfffffffb]^[0xffffffb0][0xffffff9a][0xffffffbe][0xffffffda][0xffffffda]_[0xffffffce][0xffffff80][0xffffffd2][0xffffffc1]7[0xffffffb7]][0xffffffc1]b[0xffffffee][0xffffffb5][0xffffffff]w[0xffffff83][0xffffffed][0xffffffa7];[0x15]<[0x10]4[0xffffff92][0xffffff84][0x18][\n]"
20:54:26.547 [main] DEBUG org.apache.hc.client5.http.wire - http-outgoing-0 << "BB[0xffffffba][0xffffff8e]][0xffffffb5]jo[0xffffffb9]+"[0xffffffea][0xffffffb4][0xffffffff]h"[0xffffffea]\?5[0xffffffa9][0xffffffaf]k[0xffffffec][0xffffffff]P[0xffffffea][\n]"
20:54:26.547 [main] DEBUG org.apache.hc.client5.http.wire - http-outgoing-0 << "w[0xffffffe1]K[0x13][0xffffffda][0xffffffec][0xffffff98][0xffffffe6]Y[0xfffffffd]h8m6[0xffffff9c]T[0xffffffc1][0xfffffff2][0xffffffa7][0xffffff91]z_[0xffffff95]o85p[0x1c][0x13][0xffffffe6][0xfffffff0]5[0xffffffee][0xfffffffc][0xffffff92][0xffffff96][0xffffffda][0xfffffff7][0xffffffcf][0xffffffb1][0x5][0x1d][0xffffffea]K[0xffffff9b]9[0xffffff8e][0xffffffad]e[0xfffffff7][0xffffff93][0xffffffa8]`[0xffffffda][0xffffffff][0x1a][0xffffffd2][0xffffff88][0xffffff85][0xfffffffd][0xfffffff2][0xffffff91]N[0xfffffff6]`[0xffffffdf]2[0xffffffcf][0xffffffae]E[0xffffff97][0xffffffc5][0xffffffa2][0xffffff9d][0xffffffef]'[0xffffff9d]mun.[0xffffffd3]f^[0xffffffc7][0xffffff82][0xffffffda][0xffffff82]9[0xfffffff5][0xffffffa9]`[0x5][0xffffffbc]4[0xffffffa1][0x1d]<M[0xffffffb5]A[0xffffffa7]3[[0xffffffc0][0x7f][0x0][0xffffffc1][0xffffffd0]$[0xffffff85][0x1d][\r][0x0][0x0]"
20:54:26.548 [main] DEBUG org.apache.hc.client5.http.impl.classic.InternalHttpClient - ep-0000000000 releasing valid endpoint
20:54:26.548 [main] DEBUG org.apache.hc.client5.http.impl.io.PoolingHttpClientConnectionManager - ep-0000000000 releasing endpoint
20:54:26.549 [main] DEBUG org.apache.hc.client5.http.impl.io.PoolingHttpClientConnectionManager - ep-0000000000 connection http-outgoing-0 can be kept alive for 3 MINUTES
20:54:26.549 [main] DEBUG org.apache.hc.client5.http.impl.io.PoolingHttpClientConnectionManager - ep-0000000000 connection released [route: {s}->https://raw.githubusercontent.com:443][total available: 1; route allocated: 1 of 5; total allocated: 1 of 25]
20:54:26.549 [main] DEBUG io.github.bonigarcia.wdm.versions.VersionDetector - Detecting chrome version using online commands.properties
20:54:26.551 [main] DEBUG io.github.bonigarcia.wdm.versions.Shell - Running command on the shell: [cmd.exe, /C, wmic, datafile, where, name="%PROGRAMFILES:\=\\%\\Google\\Chrome\\Application\\chrome.exe", get, Version, /value]
20:54:26.753 [main] DEBUG io.github.bonigarcia.wdm.versions.Shell - Result: 
20:54:26.754 [main] DEBUG io.github.bonigarcia.wdm.versions.Shell - Running command on the shell: [cmd.exe, /C, wmic, datafile, where, name="%PROGRAMFILES(X86):\=\\%\\Google\\Chrome\\Application\\chrome.exe", get, Version, /value]
20:54:26.873 [main] DEBUG io.github.bonigarcia.wdm.versions.Shell - Result: Version=111.0.5563.147
20:54:26.875 [main] DEBUG io.github.bonigarcia.wdm.cache.ResolutionCache - Resolution chrome111=111.0.5563.64 in cache (valid until 19:30:25 05/04/2023 WIB)
20:54:26.875 [main] INFO io.github.bonigarcia.wdm.WebDriverManager - Using chromedriver 111.0.5563.64 (resolved driver for Chrome 111)
20:54:26.876 [main] DEBUG io.github.bonigarcia.wdm.cache.ResolutionCache - Storing resolution chrome=111 in cache (valid until 21:54:26 04/04/2023 WIB)
20:54:26.884 [main] DEBUG io.github.bonigarcia.wdm.WebDriverManager - Driver chromedriver 111.0.5563.64 found in cache
20:54:26.885 [main] INFO io.github.bonigarcia.wdm.WebDriverManager - Exporting webdriver.chrome.driver as C:\Users\TrisetioPutra\.cache\selenium\chromedriver\win32\111.0.5563.64\chromedriver.exe
20:54:26.947 [main] INFO net.serenitybdd.core.webdriver.driverproviders.ChromeDriverProvider - Starting Chrome driver instance with capabilities:
20:54:26.949 [main] INFO net.serenitybdd.core.webdriver.driverproviders.ChromeDriverProvider - Capabilities {acceptInsecureCerts: true, browserName: chrome, goog:chromeOptions: {args: [remote-allow-origins=*, test-type, no-sandbox, ignore-certificate-errors, --window-size=1000,800, incognito, disable-infobars, disable-gpu, disable-default-apps, disable-popup-blocking, remote-allow-origins=*, test-type, no-sandbox, ignore-certificate-errors, --window-size=1000,800, incognito, disable-infobars, disable-gpu, disable-default-apps, disable-popup-blocking, remote-allow-origins=*], extensions: []}}
20:54:27.020 [main] DEBUG io.netty.util.internal.logging.InternalLoggerFactory - Using SLF4J as the default logging framework
20:54:27.023 [main] DEBUG io.netty.util.ResourceLeakDetector - -Dio.netty.leakDetection.level: simple
20:54:27.023 [main] DEBUG io.netty.util.ResourceLeakDetector - -Dio.netty.leakDetection.targetRecords: 4
20:54:27.027 [main] DEBUG io.netty.util.ResourceLeakDetectorFactory - Loaded default ResourceLeakDetector: io.netty.util.ResourceLeakDetector@2987d0fa
20:54:27.045 [main] DEBUG io.netty.util.internal.PlatformDependent0 - -Dio.netty.noUnsafe: false
20:54:27.045 [main] DEBUG io.netty.util.internal.PlatformDependent0 - Java version: 19
20:54:27.046 [main] DEBUG io.netty.util.internal.PlatformDependent0 - sun.misc.Unsafe.theUnsafe: available
20:54:27.047 [main] DEBUG io.netty.util.internal.PlatformDependent0 - sun.misc.Unsafe.copyMemory: available
20:54:27.048 [main] DEBUG io.netty.util.internal.PlatformDependent0 - sun.misc.Unsafe.storeFence: available
20:54:27.048 [main] DEBUG io.netty.util.internal.PlatformDependent0 - java.nio.Buffer.address: available
20:54:27.049 [main] DEBUG io.netty.util.internal.PlatformDependent0 - direct buffer constructor: unavailable: Reflective setAccessible(true) disabled
20:54:27.049 [main] DEBUG io.netty.util.internal.PlatformDependent0 - java.nio.Bits.unaligned: available, true
20:54:27.050 [main] DEBUG io.netty.util.internal.PlatformDependent0 - jdk.internal.misc.Unsafe.allocateUninitializedArray(int): unavailable: class io.netty.util.internal.PlatformDependent0$7 cannot access class jdk.internal.misc.Unsafe (in module java.base) because module java.base does not export jdk.internal.misc to unnamed module @c333c60
20:54:27.052 [main] DEBUG io.netty.util.internal.PlatformDependent0 - java.nio.DirectByteBuffer.<init>(long, int): unavailable
20:54:27.052 [main] DEBUG io.netty.util.internal.PlatformDependent - sun.misc.Unsafe: available
20:54:27.054 [main] DEBUG io.netty.util.internal.PlatformDependent - maxDirectMemory: 3720347648 bytes (maybe)
20:54:27.054 [main] DEBUG io.netty.util.internal.PlatformDependent - -Dio.netty.tmpdir: C:\Users\TRISET~1\AppData\Local\Temp (java.io.tmpdir)
20:54:27.054 [main] DEBUG io.netty.util.internal.PlatformDependent - -Dio.netty.bitMode: 64 (sun.arch.data.model)
20:54:27.054 [main] DEBUG io.netty.util.internal.PlatformDependent - Platform: Windows
20:54:27.055 [main] DEBUG io.netty.util.internal.PlatformDependent - -Dio.netty.maxDirectMemory: -1 bytes
20:54:27.055 [main] DEBUG io.netty.util.internal.PlatformDependent - -Dio.netty.uninitializedArrayAllocationThreshold: -1
20:54:27.057 [main] DEBUG io.netty.util.internal.CleanerJava9 - java.nio.ByteBuffer.cleaner(): available
20:54:27.057 [main] DEBUG io.netty.util.internal.PlatformDependent - -Dio.netty.noPreferDirect: false
20:54:27.063 [main] DEBUG io.netty.util.internal.PlatformDependent - org.jctools-core.MpscChunkedArrayQueue: available
20:54:27.083 [main] DEBUG io.netty.util.internal.InternalThreadLocalMap - -Dio.netty.threadLocalMap.stringBuilder.initialSize: 1024
20:54:27.083 [main] DEBUG io.netty.util.internal.InternalThreadLocalMap - -Dio.netty.threadLocalMap.stringBuilder.maxSize: 4096
20:54:27.097 [main] DEBUG io.netty.handler.ssl.JdkSslContext - Default protocols (JDK): [TLSv1.3, TLSv1.2] 
20:54:27.097 [main] DEBUG io.netty.handler.ssl.JdkSslContext - Default cipher suites (JDK): [TLS_ECDHE_ECDSA_WITH_AES_256_GCM_SHA384, TLS_ECDHE_ECDSA_WITH_AES_128_GCM_SHA256, TLS_ECDHE_RSA_WITH_AES_128_GCM_SHA256, TLS_ECDHE_RSA_WITH_AES_256_GCM_SHA384, TLS_ECDHE_RSA_WITH_AES_128_CBC_SHA, TLS_ECDHE_RSA_WITH_AES_256_CBC_SHA, TLS_RSA_WITH_AES_128_GCM_SHA256, TLS_RSA_WITH_AES_128_CBC_SHA, TLS_RSA_WITH_AES_256_CBC_SHA, TLS_AES_128_GCM_SHA256, TLS_AES_256_GCM_SHA384]
20:54:27.124 [main] DEBUG io.netty.channel.MultithreadEventLoopGroup - -Dio.netty.eventLoopThreads: 32
20:54:27.133 [main] DEBUG io.netty.channel.nio.NioEventLoop - -Dio.netty.noKeySetOptimization: false
20:54:27.133 [main] DEBUG io.netty.channel.nio.NioEventLoop - -Dio.netty.selectorAutoRebuildThreshold: 512
20:54:27.221 [main] DEBUG io.netty.buffer.PooledByteBufAllocator - -Dio.netty.allocator.numHeapArenas: 32
20:54:27.221 [main] DEBUG io.netty.buffer.PooledByteBufAllocator - -Dio.netty.allocator.numDirectArenas: 32
20:54:27.221 [main] DEBUG io.netty.buffer.PooledByteBufAllocator - -Dio.netty.allocator.pageSize: 8192
20:54:27.221 [main] DEBUG io.netty.buffer.PooledByteBufAllocator - -Dio.netty.allocator.maxOrder: 9
20:54:27.221 [main] DEBUG io.netty.buffer.PooledByteBufAllocator - -Dio.netty.allocator.chunkSize: 4194304
20:54:27.221 [main] DEBUG io.netty.buffer.PooledByteBufAllocator - -Dio.netty.allocator.smallCacheSize: 256
20:54:27.221 [main] DEBUG io.netty.buffer.PooledByteBufAllocator - -Dio.netty.allocator.normalCacheSize: 64
20:54:27.221 [main] DEBUG io.netty.buffer.PooledByteBufAllocator - -Dio.netty.allocator.maxCachedBufferCapacity: 32768
20:54:27.221 [main] DEBUG io.netty.buffer.PooledByteBufAllocator - -Dio.netty.allocator.cacheTrimInterval: 8192
20:54:27.221 [main] DEBUG io.netty.buffer.PooledByteBufAllocator - -Dio.netty.allocator.cacheTrimIntervalMillis: 0
20:54:27.221 [main] DEBUG io.netty.buffer.PooledByteBufAllocator - -Dio.netty.allocator.useCacheForAllThreads: false
20:54:27.221 [main] DEBUG io.netty.buffer.PooledByteBufAllocator - -Dio.netty.allocator.maxCachedByteBuffersPerChunk: 1023
20:54:27.231 [main] DEBUG io.netty.buffer.ByteBufUtil - -Dio.netty.allocator.type: pooled
20:54:27.231 [main] DEBUG io.netty.buffer.ByteBufUtil - -Dio.netty.threadLocalDirectBufferSize: 0
20:54:27.231 [main] DEBUG io.netty.buffer.ByteBufUtil - -Dio.netty.maxThreadLocalCharBufferSize: 16384
20:54:27.658 [Forwarding newSession on session null to remote] DEBUG io.netty.channel.DefaultChannelId - -Dio.netty.processId: 71200 (auto-detected)
20:54:27.659 [Forwarding newSession on session null to remote] DEBUG io.netty.util.NetUtil - -Djava.net.preferIPv4Stack: false
20:54:27.659 [Forwarding newSession on session null to remote] DEBUG io.netty.util.NetUtil - -Djava.net.preferIPv6Addresses: false
20:54:27.666 [Forwarding newSession on session null to remote] DEBUG io.netty.util.NetUtilInitializations - Loopback interface: lo (Software Loopback Interface 1, 127.0.0.1)
20:54:27.667 [Forwarding newSession on session null to remote] DEBUG io.netty.util.NetUtil - Failed to get SOMAXCONN from sysctl and file \proc\sys\net\core\somaxconn. Default: 200
20:54:27.679 [Forwarding newSession on session null to remote] DEBUG io.netty.channel.DefaultChannelId - -Dio.netty.machineId: 14:5a:fc:ff:fe:17:99:b5 (auto-detected)
20:54:27.734 [AsyncHttpClient-1-2] DEBUG io.netty.buffer.AbstractByteBuf - -Dio.netty.buffer.checkAccessible: true
20:54:27.734 [AsyncHttpClient-1-2] DEBUG io.netty.buffer.AbstractByteBuf - -Dio.netty.buffer.checkBounds: true
20:54:27.734 [AsyncHttpClient-1-2] DEBUG io.netty.util.ResourceLeakDetectorFactory - Loaded default ResourceLeakDetector: io.netty.util.ResourceLeakDetector@4a55abd3
20:54:27.745 [AsyncHttpClient-1-2] DEBUG org.asynchttpclient.netty.channel.NettyConnectListener - Using new Channel '[id: 0x13c3d0a1, L:/127.0.0.1:60243 - R:localhost/127.0.0.1:12813]' for 'POST' to '/session'
20:54:27.756 [AsyncHttpClient-1-2] DEBUG io.netty.util.Recycler - -Dio.netty.recycler.maxCapacityPerThread: 4096
20:54:27.756 [AsyncHttpClient-1-2] DEBUG io.netty.util.Recycler - -Dio.netty.recycler.ratio: 8
20:54:27.756 [AsyncHttpClient-1-2] DEBUG io.netty.util.Recycler - -Dio.netty.recycler.chunkSize: 32
20:54:27.756 [AsyncHttpClient-1-2] DEBUG io.netty.util.Recycler - -Dio.netty.recycler.blocking: false
20:54:28.336 [AsyncHttpClient-1-2] DEBUG io.netty.handler.codec.compression.Brotli - brotli4j not in the classpath; Brotli support will be unavailable.
20:54:28.336 [AsyncHttpClient-1-2] DEBUG org.asynchttpclient.netty.handler.HttpHandler - 

Request DefaultHttpRequest(decodeResult: success, version: HTTP/1.1)
POST /session HTTP/1.1
User-Agent: selenium/4.8.1 (java windows)
Content-Length: 1729
Content-Type: application/json; charset=utf-8
host: localhost:12813
accept: */*

Response DefaultHttpResponse(decodeResult: success, version: HTTP/1.1)
HTTP/1.1 200 OK
Content-Length: 862
Content-Type: application/json; charset=utf-8
cache-control: no-cache

20:54:28.342 [AsyncHttpClient-1-2] DEBUG org.asynchttpclient.netty.channel.ChannelManager - Adding key: http://localhost:12813 for channel [id: 0x13c3d0a1, L:/127.0.0.1:60243 - R:localhost/127.0.0.1:12813]
20:54:28.395 [AsyncHttpClient-1-3] DEBUG org.asynchttpclient.netty.channel.NettyConnectListener - Using new Channel '[id: 0x74dfe66b, L:/127.0.0.1:60251 - R:localhost/127.0.0.1:60244]' for 'GET' to '/json/version'
20:54:28.398 [AsyncHttpClient-1-3] DEBUG org.asynchttpclient.netty.handler.HttpHandler - 

Request DefaultFullHttpRequest(decodeResult: success, version: HTTP/1.1, content: EmptyByteBufBE)
GET /json/version HTTP/1.1
User-Agent: selenium/4.8.1 (java windows)
host: localhost:60244
accept: */*

Response DefaultHttpResponse(decodeResult: success, version: HTTP/1.1)
HTTP/1.1 200 OK
Content-Security-Policy: frame-ancestors 'none'
Content-Length: 424
Content-Type: application/json; charset=UTF-8

20:54:28.398 [AsyncHttpClient-1-3] DEBUG org.asynchttpclient.netty.channel.ChannelManager - Adding key: http://localhost:60244 for channel [id: 0x74dfe66b, L:/127.0.0.1:60251 - R:localhost/127.0.0.1:60244]
20:54:28.404 [main] DEBUG io.netty.util.internal.ThreadLocalRandom - -Dio.netty.initialSeedUniquifier: 0x9241631cec6dcf7b
20:54:28.407 [AsyncHttpClient-1-4] DEBUG org.asynchttpclient.netty.channel.NettyConnectListener - Using new Channel '[id: 0x053f290a, L:/127.0.0.1:60252 - R:localhost/127.0.0.1:60244]' for 'GET' to '/devtools/browser/1a0b6f75-63d7-4513-b018-adc0d31a20cf'
20:54:28.410 [AsyncHttpClient-1-4] DEBUG org.asynchttpclient.netty.handler.WebSocketHandler - 

Request DefaultFullHttpRequest(decodeResult: success, version: HTTP/1.1, content: EmptyByteBufBE)
GET /devtools/browser/1a0b6f75-63d7-4513-b018-adc0d31a20cf HTTP/1.1
upgrade: websocket
connection: upgrade
sec-websocket-key: QYeDAOLwffTGvxhztrJwFw==
sec-websocket-version: 13
origin: http://localhost:60244
host: localhost:60244
accept: */*
user-agent: AHC/2.1

Response DefaultHttpResponse(decodeResult: success, version: HTTP/1.1)
HTTP/1.1 101 WebSocket Protocol Handshake
Upgrade: WebSocket
Connection: Upgrade
Sec-WebSocket-Accept: K1vtputTkWfifopUfIap+xelS0w=

20:54:28.505 [Forwarding get on session 930c68446927a4be21ff2af02f9625d4 to remote] DEBUG org.asynchttpclient.netty.request.NettyRequestSender - Using pooled Channel '[id: 0x13c3d0a1, L:/127.0.0.1:60243 - R:localhost/127.0.0.1:12813]' for 'POST' to 'http://localhost:12813/session/930c68446927a4be21ff2af02f9625d4/url'
20:54:28.505 [Forwarding get on session 930c68446927a4be21ff2af02f9625d4 to remote] DEBUG org.asynchttpclient.netty.request.NettyRequestSender - Using open Channel [id: 0x13c3d0a1, L:/127.0.0.1:60243 - R:localhost/127.0.0.1:12813] for POST '/session/930c68446927a4be21ff2af02f9625d4/url'
20:54:29.274 [AsyncHttpClient-1-1] DEBUG org.asynchttpclient.netty.channel.DefaultChannelPool - Entry count for : http://localhost:60244 : 1
20:54:29.590 [AsyncHttpClient-1-2] DEBUG org.asynchttpclient.netty.handler.HttpHandler - 

Request DefaultHttpRequest(decodeResult: success, version: HTTP/1.1)
POST /session/930c68446927a4be21ff2af02f9625d4/url HTTP/1.1
User-Agent: selenium/4.8.1 (java windows)
Content-Length: 60
Content-Type: application/json; charset=utf-8
host: localhost:12813
accept: */*

Response DefaultHttpResponse(decodeResult: success, version: HTTP/1.1)
HTTP/1.1 200 OK
Content-Length: 14
Content-Type: application/json; charset=utf-8
cache-control: no-cache

20:54:29.590 [AsyncHttpClient-1-2] DEBUG org.asynchttpclient.netty.channel.ChannelManager - Adding key: http://localhost:12813 for channel [id: 0x13c3d0a1, L:/127.0.0.1:60243 - R:localhost/127.0.0.1:12813]
20:54:29.594 [Forwarding setTimeout on session 930c68446927a4be21ff2af02f9625d4 to remote] DEBUG org.asynchttpclient.netty.request.NettyRequestSender - Using pooled Channel '[id: 0x13c3d0a1, L:/127.0.0.1:60243 - R:localhost/127.0.0.1:12813]' for 'POST' to 'http://localhost:12813/session/930c68446927a4be21ff2af02f9625d4/timeouts'
20:54:29.595 [Forwarding setTimeout on session 930c68446927a4be21ff2af02f9625d4 to remote] DEBUG org.asynchttpclient.netty.request.NettyRequestSender - Using open Channel [id: 0x13c3d0a1, L:/127.0.0.1:60243 - R:localhost/127.0.0.1:12813] for POST '/session/930c68446927a4be21ff2af02f9625d4/timeouts'
20:54:29.596 [AsyncHttpClient-1-2] DEBUG org.asynchttpclient.netty.handler.HttpHandler - 

Request DefaultHttpRequest(decodeResult: success, version: HTTP/1.1)
POST /session/930c68446927a4be21ff2af02f9625d4/timeouts HTTP/1.1
User-Agent: selenium/4.8.1 (java windows)
Content-Length: 22
Content-Type: application/json; charset=utf-8
host: localhost:12813
accept: */*

Response DefaultHttpResponse(decodeResult: success, version: HTTP/1.1)
HTTP/1.1 200 OK
Content-Length: 14
Content-Type: application/json; charset=utf-8
cache-control: no-cache

20:54:29.597 [AsyncHttpClient-1-2] DEBUG org.asynchttpclient.netty.channel.ChannelManager - Adding key: http://localhost:12813 for channel [id: 0x13c3d0a1, L:/127.0.0.1:60243 - R:localhost/127.0.0.1:12813]
20:54:29.657 [Forwarding findElement on session 930c68446927a4be21ff2af02f9625d4 to remote] DEBUG org.asynchttpclient.netty.request.NettyRequestSender - Using pooled Channel '[id: 0x13c3d0a1, L:/127.0.0.1:60243 - R:localhost/127.0.0.1:12813]' for 'POST' to 'http://localhost:12813/session/930c68446927a4be21ff2af02f9625d4/element'
20:54:29.658 [Forwarding findElement on session 930c68446927a4be21ff2af02f9625d4 to remote] DEBUG org.asynchttpclient.netty.request.NettyRequestSender - Using open Channel [id: 0x13c3d0a1, L:/127.0.0.1:60243 - R:localhost/127.0.0.1:12813] for POST '/session/930c68446927a4be21ff2af02f9625d4/element'
20:54:29.668 [AsyncHttpClient-1-2] DEBUG org.asynchttpclient.netty.handler.HttpHandler - 

Request DefaultHttpRequest(decodeResult: success, version: HTTP/1.1)
POST /session/930c68446927a4be21ff2af02f9625d4/element HTTP/1.1
User-Agent: selenium/4.8.1 (java windows)
Content-Length: 60
Content-Type: application/json; charset=utf-8
host: localhost:12813
accept: */*

Response DefaultHttpResponse(decodeResult: success, version: HTTP/1.1)
HTTP/1.1 200 OK
Content-Length: 88
Content-Type: application/json; charset=utf-8
cache-control: no-cache

20:54:29.668 [AsyncHttpClient-1-2] DEBUG org.asynchttpclient.netty.channel.ChannelManager - Adding key: http://localhost:12813 for channel [id: 0x13c3d0a1, L:/127.0.0.1:60243 - R:localhost/127.0.0.1:12813]
20:54:29.678 [Forwarding isElementDisplayed on session 930c68446927a4be21ff2af02f9625d4 to remote] DEBUG org.asynchttpclient.netty.request.NettyRequestSender - Using pooled Channel '[id: 0x13c3d0a1, L:/127.0.0.1:60243 - R:localhost/127.0.0.1:12813]' for 'POST' to 'http://localhost:12813/session/930c68446927a4be21ff2af02f9625d4/execute/sync'
20:54:29.678 [Forwarding isElementDisplayed on session 930c68446927a4be21ff2af02f9625d4 to remote] DEBUG org.asynchttpclient.netty.request.NettyRequestSender - Using open Channel [id: 0x13c3d0a1, L:/127.0.0.1:60243 - R:localhost/127.0.0.1:12813] for POST '/session/930c68446927a4be21ff2af02f9625d4/execute/sync'
20:54:29.689 [AsyncHttpClient-1-2] DEBUG org.asynchttpclient.netty.handler.HttpHandler - 

Request DefaultHttpRequest(decodeResult: success, version: HTTP/1.1)
POST /session/930c68446927a4be21ff2af02f9625d4/execute/sync HTTP/1.1
User-Agent: selenium/4.8.1 (java windows)
Content-Length: 48807
Content-Type: application/json; charset=utf-8
host: localhost:12813
accept: */*

Response DefaultHttpResponse(decodeResult: success, version: HTTP/1.1)
HTTP/1.1 200 OK
Content-Length: 14
Content-Type: application/json; charset=utf-8
cache-control: no-cache

20:54:29.690 [AsyncHttpClient-1-2] DEBUG org.asynchttpclient.netty.channel.ChannelManager - Adding key: http://localhost:12813 for channel [id: 0x13c3d0a1, L:/127.0.0.1:60243 - R:localhost/127.0.0.1:12813]
  &amp#27;[32mGiven &amp#27;[0m&amp#27;[32mI open sepulsa.com login page&amp#27;[0m                                           &amp#27;[90m# starter.stepDefinitions.LoginSteps.onTheLoginPage()&amp#27;[0m
20:54:29.709 [main] DEBUG net.serenitybdd.core.photography.Darkroom - Opening darkroom
20:54:29.710 [Darkroom Processing Line] DEBUG net.serenitybdd.core.photography.DarkroomProcessingLine - Darkroom processing line starting up
20:54:29.722 [Forwarding getAlertText on session 930c68446927a4be21ff2af02f9625d4 to remote] DEBUG org.asynchttpclient.netty.request.NettyRequestSender - Using pooled Channel '[id: 0x13c3d0a1, L:/127.0.0.1:60243 - R:localhost/127.0.0.1:12813]' for 'GET' to 'http://localhost:12813/session/930c68446927a4be21ff2af02f9625d4/alert/text'
20:54:29.722 [Forwarding getAlertText on session 930c68446927a4be21ff2af02f9625d4 to remote] DEBUG org.asynchttpclient.netty.request.NettyRequestSender - Using open Channel [id: 0x13c3d0a1, L:/127.0.0.1:60243 - R:localhost/127.0.0.1:12813] for GET '/session/930c68446927a4be21ff2af02f9625d4/alert/text'
20:54:29.724 [AsyncHttpClient-1-2] DEBUG org.asynchttpclient.netty.handler.HttpHandler - 

Request DefaultFullHttpRequest(decodeResult: success, version: HTTP/1.1, content: EmptyByteBufBE)
GET /session/930c68446927a4be21ff2af02f9625d4/alert/text HTTP/1.1
User-Agent: selenium/4.8.1 (java windows)
Cache-Control: no-cache
Content-Type: application/json; charset=utf-8
host: localhost:12813
accept: */*

Response DefaultHttpResponse(decodeResult: success, version: HTTP/1.1)
HTTP/1.1 404 Not Found
Content-Length: 816
Content-Type: application/json; charset=utf-8
cache-control: no-cache

20:54:29.724 [AsyncHttpClient-1-2] DEBUG org.asynchttpclient.netty.channel.ChannelManager - Adding key: http://localhost:12813 for channel [id: 0x13c3d0a1, L:/127.0.0.1:60243 - R:localhost/127.0.0.1:12813]
20:54:29.730 [Forwarding getCurrentUrl on session 930c68446927a4be21ff2af02f9625d4 to remote] DEBUG org.asynchttpclient.netty.request.NettyRequestSender - Using pooled Channel '[id: 0x13c3d0a1, L:/127.0.0.1:60243 - R:localhost/127.0.0.1:12813]' for 'GET' to 'http://localhost:12813/session/930c68446927a4be21ff2af02f9625d4/url'
20:54:29.730 [Forwarding getCurrentUrl on session 930c68446927a4be21ff2af02f9625d4 to remote] DEBUG org.asynchttpclient.netty.request.NettyRequestSender - Using open Channel [id: 0x13c3d0a1, L:/127.0.0.1:60243 - R:localhost/127.0.0.1:12813] for GET '/session/930c68446927a4be21ff2af02f9625d4/url'
20:54:29.733 [AsyncHttpClient-1-2] DEBUG org.asynchttpclient.netty.handler.HttpHandler - 

Request DefaultFullHttpRequest(decodeResult: success, version: HTTP/1.1, content: EmptyByteBufBE)
GET /session/930c68446927a4be21ff2af02f9625d4/url HTTP/1.1
User-Agent: selenium/4.8.1 (java windows)
Cache-Control: no-cache
Content-Type: application/json; charset=utf-8
host: localhost:12813
accept: */*

Response DefaultHttpResponse(decodeResult: success, version: HTTP/1.1)
HTTP/1.1 200 OK
Content-Length: 42
Content-Type: application/json; charset=utf-8
cache-control: no-cache

20:54:29.734 [AsyncHttpClient-1-2] DEBUG org.asynchttpclient.netty.channel.ChannelManager - Adding key: http://localhost:12813 for channel [id: 0x13c3d0a1, L:/127.0.0.1:60243 - R:localhost/127.0.0.1:12813]
20:54:29.738 [Forwarding screenshot on session 930c68446927a4be21ff2af02f9625d4 to remote] DEBUG org.asynchttpclient.netty.request.NettyRequestSender - Using pooled Channel '[id: 0x13c3d0a1, L:/127.0.0.1:60243 - R:localhost/127.0.0.1:12813]' for 'GET' to 'http://localhost:12813/session/930c68446927a4be21ff2af02f9625d4/screenshot'
20:54:29.738 [Forwarding screenshot on session 930c68446927a4be21ff2af02f9625d4 to remote] DEBUG org.asynchttpclient.netty.request.NettyRequestSender - Using open Channel [id: 0x13c3d0a1, L:/127.0.0.1:60243 - R:localhost/127.0.0.1:12813] for GET '/session/930c68446927a4be21ff2af02f9625d4/screenshot'
20:54:29.920 [AsyncHttpClient-1-2] DEBUG org.asynchttpclient.netty.handler.HttpHandler - 

Request DefaultFullHttpRequest(decodeResult: success, version: HTTP/1.1, content: EmptyByteBufBE)
GET /session/930c68446927a4be21ff2af02f9625d4/screenshot HTTP/1.1
User-Agent: selenium/4.8.1 (java windows)
Cache-Control: no-cache
Content-Type: application/json; charset=utf-8
host: localhost:12813
accept: */*

Response DefaultHttpResponse(decodeResult: success, version: HTTP/1.1)
HTTP/1.1 200 OK
Content-Length: 388844
Content-Type: application/json; charset=utf-8
cache-control: no-cache

20:54:29.923 [AsyncHttpClient-1-2] DEBUG org.asynchttpclient.netty.channel.ChannelManager - Adding key: http://localhost:12813 for channel [id: 0x13c3d0a1, L:/127.0.0.1:60243 - R:localhost/127.0.0.1:12813]
20:54:30.001 [main] DEBUG net.serenitybdd.core.photography.Darkroom - Send negative for processing for target\site\serenity\23074d7b0f6fbb0160ca61e969d97bf2339a1ebcbf0ccf3dbb9a7cd8a50b4f4b.png
20:54:30.001 [Darkroom Processing Line] DEBUG net.serenitybdd.core.photography.DarkroomProcessingLine - Processing screenshot image in /var/screenshots/screenshot-1383774379649575161
20:54:30.002 [Darkroom Processing Line] DEBUG net.serenitybdd.core.photography.DarkroomProcessingLine - Saving screenshot to target\site\serenity\23074d7b0f6fbb0160ca61e969d97bf2339a1ebcbf0ccf3dbb9a7cd8a50b4f4b.png
20:54:30.015 [Forwarding getPageSource on session 930c68446927a4be21ff2af02f9625d4 to remote] DEBUG org.asynchttpclient.netty.request.NettyRequestSender - Using pooled Channel '[id: 0x13c3d0a1, L:/127.0.0.1:60243 - R:localhost/127.0.0.1:12813]' for 'POST' to 'http://localhost:12813/session/930c68446927a4be21ff2af02f9625d4/execute/sync'
20:54:30.015 [Forwarding getPageSource on session 930c68446927a4be21ff2af02f9625d4 to remote] DEBUG org.asynchttpclient.netty.request.NettyRequestSender - Using open Channel [id: 0x13c3d0a1, L:/127.0.0.1:60243 - R:localhost/127.0.0.1:12813] for POST '/session/930c68446927a4be21ff2af02f9625d4/execute/sync'
20:54:30.027 [AsyncHttpClient-1-2] DEBUG org.asynchttpclient.netty.handler.HttpHandler - 

Request DefaultHttpRequest(decodeResult: success, version: HTTP/1.1)
POST /session/930c68446927a4be21ff2af02f9625d4/execute/sync HTTP/1.1
User-Agent: selenium/4.8.1 (java windows)
Content-Length: 176
Content-Type: application/json; charset=utf-8
host: localhost:12813
accept: */*

Response DefaultHttpResponse(decodeResult: success, version: HTTP/1.1)
HTTP/1.1 200 OK
Content-Length: 113270
Content-Type: application/json; charset=utf-8
cache-control: no-cache

20:54:30.028 [AsyncHttpClient-1-2] DEBUG org.asynchttpclient.netty.channel.ChannelManager - Adding key: http://localhost:12813 for channel [id: 0x13c3d0a1, L:/127.0.0.1:60243 - R:localhost/127.0.0.1:12813]
20:54:30.104 [Forwarding getCurrentUrl on session 930c68446927a4be21ff2af02f9625d4 to remote] DEBUG org.asynchttpclient.netty.request.NettyRequestSender - Using pooled Channel '[id: 0x13c3d0a1, L:/127.0.0.1:60243 - R:localhost/127.0.0.1:12813]' for 'GET' to 'http://localhost:12813/session/930c68446927a4be21ff2af02f9625d4/url'
20:54:30.104 [Forwarding getCurrentUrl on session 930c68446927a4be21ff2af02f9625d4 to remote] DEBUG org.asynchttpclient.netty.request.NettyRequestSender - Using open Channel [id: 0x13c3d0a1, L:/127.0.0.1:60243 - R:localhost/127.0.0.1:12813] for GET '/session/930c68446927a4be21ff2af02f9625d4/url'
20:54:30.107 [AsyncHttpClient-1-2] DEBUG org.asynchttpclient.netty.handler.HttpHandler - 

Request DefaultFullHttpRequest(decodeResult: success, version: HTTP/1.1, content: EmptyByteBufBE)
GET /session/930c68446927a4be21ff2af02f9625d4/url HTTP/1.1
User-Agent: selenium/4.8.1 (java windows)
Cache-Control: no-cache
Content-Type: application/json; charset=utf-8
host: localhost:12813
accept: */*

Response DefaultHttpResponse(decodeResult: success, version: HTTP/1.1)
HTTP/1.1 200 OK
Content-Length: 42
Content-Type: application/json; charset=utf-8
cache-control: no-cache

20:54:30.108 [AsyncHttpClient-1-2] DEBUG org.asynchttpclient.netty.channel.ChannelManager - Adding key: http://localhost:12813 for channel [id: 0x13c3d0a1, L:/127.0.0.1:60243 - R:localhost/127.0.0.1:12813]
20:54:30.117 [Forwarding findElement on session 930c68446927a4be21ff2af02f9625d4 to remote] DEBUG org.asynchttpclient.netty.request.NettyRequestSender - Using pooled Channel '[id: 0x13c3d0a1, L:/127.0.0.1:60243 - R:localhost/127.0.0.1:12813]' for 'POST' to 'http://localhost:12813/session/930c68446927a4be21ff2af02f9625d4/element'
20:54:30.117 [Forwarding findElement on session 930c68446927a4be21ff2af02f9625d4 to remote] DEBUG org.asynchttpclient.netty.request.NettyRequestSender - Using open Channel [id: 0x13c3d0a1, L:/127.0.0.1:60243 - R:localhost/127.0.0.1:12813] for POST '/session/930c68446927a4be21ff2af02f9625d4/element'
20:54:30.125 [AsyncHttpClient-1-2] DEBUG org.asynchttpclient.netty.handler.HttpHandler - 

Request DefaultHttpRequest(decodeResult: success, version: HTTP/1.1)
POST /session/930c68446927a4be21ff2af02f9625d4/element HTTP/1.1
User-Agent: selenium/4.8.1 (java windows)
Content-Length: 50
Content-Type: application/json; charset=utf-8
host: localhost:12813
accept: */*

Response DefaultHttpResponse(decodeResult: success, version: HTTP/1.1)
HTTP/1.1 200 OK
Content-Length: 88
Content-Type: application/json; charset=utf-8
cache-control: no-cache

20:54:30.126 [AsyncHttpClient-1-2] DEBUG org.asynchttpclient.netty.channel.ChannelManager - Adding key: http://localhost:12813 for channel [id: 0x13c3d0a1, L:/127.0.0.1:60243 - R:localhost/127.0.0.1:12813]
20:54:30.128 [Forwarding clearElement on session 930c68446927a4be21ff2af02f9625d4 to remote] DEBUG org.asynchttpclient.netty.request.NettyRequestSender - Using pooled Channel '[id: 0x13c3d0a1, L:/127.0.0.1:60243 - R:localhost/127.0.0.1:12813]' for 'POST' to 'http://localhost:12813/session/930c68446927a4be21ff2af02f9625d4/element/fb3d8683-3a02-4896-a239-be430b051473/clear'
20:54:30.128 [Forwarding clearElement on session 930c68446927a4be21ff2af02f9625d4 to remote] DEBUG org.asynchttpclient.netty.request.NettyRequestSender - Using open Channel [id: 0x13c3d0a1, L:/127.0.0.1:60243 - R:localhost/127.0.0.1:12813] for POST '/session/930c68446927a4be21ff2af02f9625d4/element/fb3d8683-3a02-4896-a239-be430b051473/clear'
20:54:30.154 [AsyncHttpClient-1-2] DEBUG org.asynchttpclient.netty.handler.HttpHandler - 

Request DefaultHttpRequest(decodeResult: success, version: HTTP/1.1)
POST /session/930c68446927a4be21ff2af02f9625d4/element/fb3d8683-3a02-4896-a239-be430b051473/clear HTTP/1.1
User-Agent: selenium/4.8.1 (java windows)
Content-Length: 50
Content-Type: application/json; charset=utf-8
host: localhost:12813
accept: */*

Response DefaultHttpResponse(decodeResult: success, version: HTTP/1.1)
HTTP/1.1 200 OK
Content-Length: 14
Content-Type: application/json; charset=utf-8
cache-control: no-cache

20:54:30.155 [AsyncHttpClient-1-2] DEBUG org.asynchttpclient.netty.channel.ChannelManager - Adding key: http://localhost:12813 for channel [id: 0x13c3d0a1, L:/127.0.0.1:60243 - R:localhost/127.0.0.1:12813]
20:54:30.158 [Forwarding sendKeysToElement on session 930c68446927a4be21ff2af02f9625d4 to remote] DEBUG org.asynchttpclient.netty.request.NettyRequestSender - Using pooled Channel '[id: 0x13c3d0a1, L:/127.0.0.1:60243 - R:localhost/127.0.0.1:12813]' for 'POST' to 'http://localhost:12813/session/930c68446927a4be21ff2af02f9625d4/element/fb3d8683-3a02-4896-a239-be430b051473/value'
20:54:30.158 [Forwarding sendKeysToElement on session 930c68446927a4be21ff2af02f9625d4 to remote] DEBUG org.asynchttpclient.netty.request.NettyRequestSender - Using open Channel [id: 0x13c3d0a1, L:/127.0.0.1:60243 - R:localhost/127.0.0.1:12813] for POST '/session/930c68446927a4be21ff2af02f9625d4/element/fb3d8683-3a02-4896-a239-be430b051473/value'
20:54:30.272 [AsyncHttpClient-1-2] DEBUG org.asynchttpclient.netty.handler.HttpHandler - 

Request DefaultHttpRequest(decodeResult: success, version: HTTP/1.1)
POST /session/930c68446927a4be21ff2af02f9625d4/element/fb3d8683-3a02-4896-a239-be430b051473/value HTTP/1.1
User-Agent: selenium/4.8.1 (java windows)
Content-Length: 291
Content-Type: application/json; charset=utf-8
host: localhost:12813
accept: */*

Response DefaultHttpResponse(decodeResult: success, version: HTTP/1.1)
HTTP/1.1 200 OK
Content-Length: 14
Content-Type: application/json; charset=utf-8
cache-control: no-cache

20:54:30.273 [AsyncHttpClient-1-2] DEBUG org.asynchttpclient.netty.channel.ChannelManager - Adding key: http://localhost:12813 for channel [id: 0x13c3d0a1, L:/127.0.0.1:60243 - R:localhost/127.0.0.1:12813]
20:54:30.280 [Forwarding findElement on session 930c68446927a4be21ff2af02f9625d4 to remote] DEBUG org.asynchttpclient.netty.request.NettyRequestSender - Using pooled Channel '[id: 0x13c3d0a1, L:/127.0.0.1:60243 - R:localhost/127.0.0.1:12813]' for 'POST' to 'http://localhost:12813/session/930c68446927a4be21ff2af02f9625d4/element'
20:54:30.280 [Forwarding findElement on session 930c68446927a4be21ff2af02f9625d4 to remote] DEBUG org.asynchttpclient.netty.request.NettyRequestSender - Using open Channel [id: 0x13c3d0a1, L:/127.0.0.1:60243 - R:localhost/127.0.0.1:12813] for POST '/session/930c68446927a4be21ff2af02f9625d4/element'
20:54:30.290 [AsyncHttpClient-1-2] DEBUG org.asynchttpclient.netty.handler.HttpHandler - 

Request DefaultHttpRequest(decodeResult: success, version: HTTP/1.1)
POST /session/930c68446927a4be21ff2af02f9625d4/element HTTP/1.1
User-Agent: selenium/4.8.1 (java windows)
Content-Length: 53
Content-Type: application/json; charset=utf-8
host: localhost:12813
accept: */*

Response DefaultHttpResponse(decodeResult: success, version: HTTP/1.1)
HTTP/1.1 200 OK
Content-Length: 88
Content-Type: application/json; charset=utf-8
cache-control: no-cache

20:54:30.290 [AsyncHttpClient-1-2] DEBUG org.asynchttpclient.netty.channel.ChannelManager - Adding key: http://localhost:12813 for channel [id: 0x13c3d0a1, L:/127.0.0.1:60243 - R:localhost/127.0.0.1:12813]
20:54:30.292 [Forwarding clearElement on session 930c68446927a4be21ff2af02f9625d4 to remote] DEBUG org.asynchttpclient.netty.request.NettyRequestSender - Using pooled Channel '[id: 0x13c3d0a1, L:/127.0.0.1:60243 - R:localhost/127.0.0.1:12813]' for 'POST' to 'http://localhost:12813/session/930c68446927a4be21ff2af02f9625d4/element/c56431b0-2b5e-4292-a5f2-2f84f2930086/clear'
20:54:30.292 [Forwarding clearElement on session 930c68446927a4be21ff2af02f9625d4 to remote] DEBUG org.asynchttpclient.netty.request.NettyRequestSender - Using open Channel [id: 0x13c3d0a1, L:/127.0.0.1:60243 - R:localhost/127.0.0.1:12813] for POST '/session/930c68446927a4be21ff2af02f9625d4/element/c56431b0-2b5e-4292-a5f2-2f84f2930086/clear'
20:54:30.317 [AsyncHttpClient-1-2] DEBUG org.asynchttpclient.netty.handler.HttpHandler - 

Request DefaultHttpRequest(decodeResult: success, version: HTTP/1.1)
POST /session/930c68446927a4be21ff2af02f9625d4/element/c56431b0-2b5e-4292-a5f2-2f84f2930086/clear HTTP/1.1
User-Agent: selenium/4.8.1 (java windows)
Content-Length: 50
Content-Type: application/json; charset=utf-8
host: localhost:12813
accept: */*

Response DefaultHttpResponse(decodeResult: success, version: HTTP/1.1)
HTTP/1.1 200 OK
Content-Length: 14
Content-Type: application/json; charset=utf-8
cache-control: no-cache

20:54:30.317 [AsyncHttpClient-1-2] DEBUG org.asynchttpclient.netty.channel.ChannelManager - Adding key: http://localhost:12813 for channel [id: 0x13c3d0a1, L:/127.0.0.1:60243 - R:localhost/127.0.0.1:12813]
20:54:30.320 [Forwarding sendKeysToElement on session 930c68446927a4be21ff2af02f9625d4 to remote] DEBUG org.asynchttpclient.netty.request.NettyRequestSender - Using pooled Channel '[id: 0x13c3d0a1, L:/127.0.0.1:60243 - R:localhost/127.0.0.1:12813]' for 'POST' to 'http://localhost:12813/session/930c68446927a4be21ff2af02f9625d4/element/c56431b0-2b5e-4292-a5f2-2f84f2930086/value'
20:54:30.320 [Forwarding sendKeysToElement on session 930c68446927a4be21ff2af02f9625d4 to remote] DEBUG org.asynchttpclient.netty.request.NettyRequestSender - Using open Channel [id: 0x13c3d0a1, L:/127.0.0.1:60243 - R:localhost/127.0.0.1:12813] for POST '/session/930c68446927a4be21ff2af02f9625d4/element/c56431b0-2b5e-4292-a5f2-2f84f2930086/value'
20:54:30.371 [AsyncHttpClient-1-1] DEBUG org.asynchttpclient.netty.channel.DefaultChannelPool - Entry count for : http://localhost:60244 : 1
20:54:30.386 [AsyncHttpClient-1-2] DEBUG org.asynchttpclient.netty.handler.HttpHandler - 

Request DefaultHttpRequest(decodeResult: success, version: HTTP/1.1)
POST /session/930c68446927a4be21ff2af02f9625d4/element/c56431b0-2b5e-4292-a5f2-2f84f2930086/value HTTP/1.1
User-Agent: selenium/4.8.1 (java windows)
Content-Length: 201
Content-Type: application/json; charset=utf-8
host: localhost:12813
accept: */*

Response DefaultHttpResponse(decodeResult: success, version: HTTP/1.1)
HTTP/1.1 200 OK
Content-Length: 14
Content-Type: application/json; charset=utf-8
cache-control: no-cache

20:54:30.386 [AsyncHttpClient-1-2] DEBUG org.asynchttpclient.netty.channel.ChannelManager - Adding key: http://localhost:12813 for channel [id: 0x13c3d0a1, L:/127.0.0.1:60243 - R:localhost/127.0.0.1:12813]
  &amp#27;[32mWhen &amp#27;[0m&amp#27;[32mI enter credentials on &amp#27;[0m&amp#27;[32m&amp#27;[1m"avenger3350@gmail.com"&amp#27;[0m&amp#27;[32m and &amp#27;[0m&amp#27;[32m&amp#27;[1m"Testing1234$"&amp#27;[0m&amp#27;[32m fields&amp#27;[0m &amp#27;[90m# starter.stepDefinitions.LoginSteps.i_enter_credentials_on_and_fields(java.lang.String,java.lang.String)&amp#27;[0m
20:54:30.397 [Forwarding getAlertText on session 930c68446927a4be21ff2af02f9625d4 to remote] DEBUG org.asynchttpclient.netty.request.NettyRequestSender - Using pooled Channel '[id: 0x13c3d0a1, L:/127.0.0.1:60243 - R:localhost/127.0.0.1:12813]' for 'GET' to 'http://localhost:12813/session/930c68446927a4be21ff2af02f9625d4/alert/text'
20:54:30.397 [Forwarding getAlertText on session 930c68446927a4be21ff2af02f9625d4 to remote] DEBUG org.asynchttpclient.netty.request.NettyRequestSender - Using open Channel [id: 0x13c3d0a1, L:/127.0.0.1:60243 - R:localhost/127.0.0.1:12813] for GET '/session/930c68446927a4be21ff2af02f9625d4/alert/text'
20:54:30.399 [AsyncHttpClient-1-2] DEBUG org.asynchttpclient.netty.handler.HttpHandler - 

Request DefaultFullHttpRequest(decodeResult: success, version: HTTP/1.1, content: EmptyByteBufBE)
GET /session/930c68446927a4be21ff2af02f9625d4/alert/text HTTP/1.1
User-Agent: selenium/4.8.1 (java windows)
Cache-Control: no-cache
Content-Type: application/json; charset=utf-8
host: localhost:12813
accept: */*

Response DefaultHttpResponse(decodeResult: success, version: HTTP/1.1)
HTTP/1.1 404 Not Found
Content-Length: 816
Content-Type: application/json; charset=utf-8
cache-control: no-cache

20:54:30.399 [AsyncHttpClient-1-2] DEBUG org.asynchttpclient.netty.channel.ChannelManager - Adding key: http://localhost:12813 for channel [id: 0x13c3d0a1, L:/127.0.0.1:60243 - R:localhost/127.0.0.1:12813]
20:54:30.401 [Forwarding getCurrentUrl on session 930c68446927a4be21ff2af02f9625d4 to remote] DEBUG org.asynchttpclient.netty.request.NettyRequestSender - Using pooled Channel '[id: 0x13c3d0a1, L:/127.0.0.1:60243 - R:localhost/127.0.0.1:12813]' for 'GET' to 'http://localhost:12813/session/930c68446927a4be21ff2af02f9625d4/url'
20:54:30.401 [Forwarding getCurrentUrl on session 930c68446927a4be21ff2af02f9625d4 to remote] DEBUG org.asynchttpclient.netty.request.NettyRequestSender - Using open Channel [id: 0x13c3d0a1, L:/127.0.0.1:60243 - R:localhost/127.0.0.1:12813] for GET '/session/930c68446927a4be21ff2af02f9625d4/url'
20:54:30.405 [AsyncHttpClient-1-2] DEBUG org.asynchttpclient.netty.handler.HttpHandler - 

Request DefaultFullHttpRequest(decodeResult: success, version: HTTP/1.1, content: EmptyByteBufBE)
GET /session/930c68446927a4be21ff2af02f9625d4/url HTTP/1.1
User-Agent: selenium/4.8.1 (java windows)
Cache-Control: no-cache
Content-Type: application/json; charset=utf-8
host: localhost:12813
accept: */*

Response DefaultHttpResponse(decodeResult: success, version: HTTP/1.1)
HTTP/1.1 200 OK
Content-Length: 42
Content-Type: application/json; charset=utf-8
cache-control: no-cache

20:54:30.406 [AsyncHttpClient-1-2] DEBUG org.asynchttpclient.netty.channel.ChannelManager - Adding key: http://localhost:12813 for channel [id: 0x13c3d0a1, L:/127.0.0.1:60243 - R:localhost/127.0.0.1:12813]
20:54:30.407 [Forwarding screenshot on session 930c68446927a4be21ff2af02f9625d4 to remote] DEBUG org.asynchttpclient.netty.request.NettyRequestSender - Using pooled Channel '[id: 0x13c3d0a1, L:/127.0.0.1:60243 - R:localhost/127.0.0.1:12813]' for 'GET' to 'http://localhost:12813/session/930c68446927a4be21ff2af02f9625d4/screenshot'
20:54:30.407 [Forwarding screenshot on session 930c68446927a4be21ff2af02f9625d4 to remote] DEBUG org.asynchttpclient.netty.request.NettyRequestSender - Using open Channel [id: 0x13c3d0a1, L:/127.0.0.1:60243 - R:localhost/127.0.0.1:12813] for GET '/session/930c68446927a4be21ff2af02f9625d4/screenshot'
20:54:30.674 [AsyncHttpClient-1-2] DEBUG org.asynchttpclient.netty.handler.HttpHandler - 

Request DefaultFullHttpRequest(decodeResult: success, version: HTTP/1.1, content: EmptyByteBufBE)
GET /session/930c68446927a4be21ff2af02f9625d4/screenshot HTTP/1.1
User-Agent: selenium/4.8.1 (java windows)
Cache-Control: no-cache
Content-Type: application/json; charset=utf-8
host: localhost:12813
accept: */*

Response DefaultHttpResponse(decodeResult: success, version: HTTP/1.1)
HTTP/1.1 200 OK
Content-Length: 391756
Content-Type: application/json; charset=utf-8
cache-control: no-cache

20:54:30.676 [AsyncHttpClient-1-2] DEBUG org.asynchttpclient.netty.channel.ChannelManager - Adding key: http://localhost:12813 for channel [id: 0x13c3d0a1, L:/127.0.0.1:60243 - R:localhost/127.0.0.1:12813]
20:54:30.693 [main] DEBUG net.serenitybdd.core.photography.Darkroom - Send negative for processing for target\site\serenity\4db3798972f2d3a5c147ffe5da2b28d1a1ef2a1de2a351708a1256403a687cd5.png
20:54:30.693 [Darkroom Processing Line] DEBUG net.serenitybdd.core.photography.DarkroomProcessingLine - Processing screenshot image in /var/screenshots/screenshot-5911770463510870284
20:54:30.693 [Darkroom Processing Line] DEBUG net.serenitybdd.core.photography.DarkroomProcessingLine - Saving screenshot to target\site\serenity\4db3798972f2d3a5c147ffe5da2b28d1a1ef2a1de2a351708a1256403a687cd5.png
20:54:30.699 [Forwarding getPageSource on session 930c68446927a4be21ff2af02f9625d4 to remote] DEBUG org.asynchttpclient.netty.request.NettyRequestSender - Using pooled Channel '[id: 0x13c3d0a1, L:/127.0.0.1:60243 - R:localhost/127.0.0.1:12813]' for 'POST' to 'http://localhost:12813/session/930c68446927a4be21ff2af02f9625d4/execute/sync'
20:54:30.699 [Forwarding getPageSource on session 930c68446927a4be21ff2af02f9625d4 to remote] DEBUG org.asynchttpclient.netty.request.NettyRequestSender - Using open Channel [id: 0x13c3d0a1, L:/127.0.0.1:60243 - R:localhost/127.0.0.1:12813] for POST '/session/930c68446927a4be21ff2af02f9625d4/execute/sync'
20:54:30.710 [AsyncHttpClient-1-2] DEBUG org.asynchttpclient.netty.handler.HttpHandler - 

Request DefaultHttpRequest(decodeResult: success, version: HTTP/1.1)
POST /session/930c68446927a4be21ff2af02f9625d4/execute/sync HTTP/1.1
User-Agent: selenium/4.8.1 (java windows)
Content-Length: 176
Content-Type: application/json; charset=utf-8
host: localhost:12813
accept: */*

Response DefaultHttpResponse(decodeResult: success, version: HTTP/1.1)
HTTP/1.1 200 OK
Content-Length: 113333
Content-Type: application/json; charset=utf-8
cache-control: no-cache

20:54:30.710 [AsyncHttpClient-1-2] DEBUG org.asynchttpclient.netty.channel.ChannelManager - Adding key: http://localhost:12813 for channel [id: 0x13c3d0a1, L:/127.0.0.1:60243 - R:localhost/127.0.0.1:12813]
20:54:30.721 [Forwarding getCurrentUrl on session 930c68446927a4be21ff2af02f9625d4 to remote] DEBUG org.asynchttpclient.netty.request.NettyRequestSender - Using pooled Channel '[id: 0x13c3d0a1, L:/127.0.0.1:60243 - R:localhost/127.0.0.1:12813]' for 'GET' to 'http://localhost:12813/session/930c68446927a4be21ff2af02f9625d4/url'
20:54:30.721 [Forwarding getCurrentUrl on session 930c68446927a4be21ff2af02f9625d4 to remote] DEBUG org.asynchttpclient.netty.request.NettyRequestSender - Using open Channel [id: 0x13c3d0a1, L:/127.0.0.1:60243 - R:localhost/127.0.0.1:12813] for GET '/session/930c68446927a4be21ff2af02f9625d4/url'
20:54:30.723 [AsyncHttpClient-1-2] DEBUG org.asynchttpclient.netty.handler.HttpHandler - 

Request DefaultFullHttpRequest(decodeResult: success, version: HTTP/1.1, content: EmptyByteBufBE)
GET /session/930c68446927a4be21ff2af02f9625d4/url HTTP/1.1
User-Agent: selenium/4.8.1 (java windows)
Cache-Control: no-cache
Content-Type: application/json; charset=utf-8
host: localhost:12813
accept: */*

Response DefaultHttpResponse(decodeResult: success, version: HTTP/1.1)
HTTP/1.1 200 OK
Content-Length: 42
Content-Type: application/json; charset=utf-8
cache-control: no-cache

20:54:30.724 [AsyncHttpClient-1-2] DEBUG org.asynchttpclient.netty.channel.ChannelManager - Adding key: http://localhost:12813 for channel [id: 0x13c3d0a1, L:/127.0.0.1:60243 - R:localhost/127.0.0.1:12813]
20:54:30.733 [Forwarding findElement on session 930c68446927a4be21ff2af02f9625d4 to remote] DEBUG org.asynchttpclient.netty.request.NettyRequestSender - Using pooled Channel '[id: 0x13c3d0a1, L:/127.0.0.1:60243 - R:localhost/127.0.0.1:12813]' for 'POST' to 'http://localhost:12813/session/930c68446927a4be21ff2af02f9625d4/element'
20:54:30.733 [Forwarding findElement on session 930c68446927a4be21ff2af02f9625d4 to remote] DEBUG org.asynchttpclient.netty.request.NettyRequestSender - Using open Channel [id: 0x13c3d0a1, L:/127.0.0.1:60243 - R:localhost/127.0.0.1:12813] for POST '/session/930c68446927a4be21ff2af02f9625d4/element'
20:54:30.739 [AsyncHttpClient-1-2] DEBUG org.asynchttpclient.netty.handler.HttpHandler - 

Request DefaultHttpRequest(decodeResult: success, version: HTTP/1.1)
POST /session/930c68446927a4be21ff2af02f9625d4/element HTTP/1.1
User-Agent: selenium/4.8.1 (java windows)
Content-Length: 60
Content-Type: application/json; charset=utf-8
host: localhost:12813
accept: */*

Response DefaultHttpResponse(decodeResult: success, version: HTTP/1.1)
HTTP/1.1 200 OK
Content-Length: 88
Content-Type: application/json; charset=utf-8
cache-control: no-cache

20:54:30.739 [AsyncHttpClient-1-2] DEBUG org.asynchttpclient.netty.channel.ChannelManager - Adding key: http://localhost:12813 for channel [id: 0x13c3d0a1, L:/127.0.0.1:60243 - R:localhost/127.0.0.1:12813]
20:54:30.742 [Forwarding getElementTagName on session 930c68446927a4be21ff2af02f9625d4 to remote] DEBUG org.asynchttpclient.netty.request.NettyRequestSender - Using pooled Channel '[id: 0x13c3d0a1, L:/127.0.0.1:60243 - R:localhost/127.0.0.1:12813]' for 'GET' to 'http://localhost:12813/session/930c68446927a4be21ff2af02f9625d4/element/e706196f-6da9-4ff7-b0d5-45c880b9136b/name'
20:54:30.742 [Forwarding getElementTagName on session 930c68446927a4be21ff2af02f9625d4 to remote] DEBUG org.asynchttpclient.netty.request.NettyRequestSender - Using open Channel [id: 0x13c3d0a1, L:/127.0.0.1:60243 - R:localhost/127.0.0.1:12813] for GET '/session/930c68446927a4be21ff2af02f9625d4/element/e706196f-6da9-4ff7-b0d5-45c880b9136b/name'
20:54:30.745 [AsyncHttpClient-1-2] DEBUG org.asynchttpclient.netty.handler.HttpHandler - 

Request DefaultFullHttpRequest(decodeResult: success, version: HTTP/1.1, content: EmptyByteBufBE)
GET /session/930c68446927a4be21ff2af02f9625d4/element/e706196f-6da9-4ff7-b0d5-45c880b9136b/name HTTP/1.1
User-Agent: selenium/4.8.1 (java windows)
Cache-Control: no-cache
Content-Type: application/json; charset=utf-8
host: localhost:12813
accept: */*

Response DefaultHttpResponse(decodeResult: success, version: HTTP/1.1)
HTTP/1.1 200 OK
Content-Length: 15
Content-Type: application/json; charset=utf-8
cache-control: no-cache

20:54:30.745 [AsyncHttpClient-1-2] DEBUG org.asynchttpclient.netty.channel.ChannelManager - Adding key: http://localhost:12813 for channel [id: 0x13c3d0a1, L:/127.0.0.1:60243 - R:localhost/127.0.0.1:12813]
20:54:30.748 [Forwarding getElementTagName on session 930c68446927a4be21ff2af02f9625d4 to remote] DEBUG org.asynchttpclient.netty.request.NettyRequestSender - Using pooled Channel '[id: 0x13c3d0a1, L:/127.0.0.1:60243 - R:localhost/127.0.0.1:12813]' for 'GET' to 'http://localhost:12813/session/930c68446927a4be21ff2af02f9625d4/element/e706196f-6da9-4ff7-b0d5-45c880b9136b/name'
20:54:30.748 [Forwarding getElementTagName on session 930c68446927a4be21ff2af02f9625d4 to remote] DEBUG org.asynchttpclient.netty.request.NettyRequestSender - Using open Channel [id: 0x13c3d0a1, L:/127.0.0.1:60243 - R:localhost/127.0.0.1:12813] for GET '/session/930c68446927a4be21ff2af02f9625d4/element/e706196f-6da9-4ff7-b0d5-45c880b9136b/name'
20:54:30.750 [AsyncHttpClient-1-2] DEBUG org.asynchttpclient.netty.handler.HttpHandler - 

Request DefaultFullHttpRequest(decodeResult: success, version: HTTP/1.1, content: EmptyByteBufBE)
GET /session/930c68446927a4be21ff2af02f9625d4/element/e706196f-6da9-4ff7-b0d5-45c880b9136b/name HTTP/1.1
User-Agent: selenium/4.8.1 (java windows)
Cache-Control: no-cache
Content-Type: application/json; charset=utf-8
host: localhost:12813
accept: */*

Response DefaultHttpResponse(decodeResult: success, version: HTTP/1.1)
HTTP/1.1 200 OK
Content-Length: 15
Content-Type: application/json; charset=utf-8
cache-control: no-cache

20:54:30.750 [AsyncHttpClient-1-2] DEBUG org.asynchttpclient.netty.channel.ChannelManager - Adding key: http://localhost:12813 for channel [id: 0x13c3d0a1, L:/127.0.0.1:60243 - R:localhost/127.0.0.1:12813]
20:54:30.753 [Forwarding findElement on session 930c68446927a4be21ff2af02f9625d4 to remote] DEBUG org.asynchttpclient.netty.request.NettyRequestSender - Using pooled Channel '[id: 0x13c3d0a1, L:/127.0.0.1:60243 - R:localhost/127.0.0.1:12813]' for 'POST' to 'http://localhost:12813/session/930c68446927a4be21ff2af02f9625d4/element'
20:54:30.753 [Forwarding findElement on session 930c68446927a4be21ff2af02f9625d4 to remote] DEBUG org.asynchttpclient.netty.request.NettyRequestSender - Using open Channel [id: 0x13c3d0a1, L:/127.0.0.1:60243 - R:localhost/127.0.0.1:12813] for POST '/session/930c68446927a4be21ff2af02f9625d4/element'
20:54:30.762 [AsyncHttpClient-1-2] DEBUG org.asynchttpclient.netty.handler.HttpHandler - 

Request DefaultHttpRequest(decodeResult: success, version: HTTP/1.1)
POST /session/930c68446927a4be21ff2af02f9625d4/element HTTP/1.1
User-Agent: selenium/4.8.1 (java windows)
Content-Length: 60
Content-Type: application/json; charset=utf-8
host: localhost:12813
accept: */*

Response DefaultHttpResponse(decodeResult: success, version: HTTP/1.1)
HTTP/1.1 200 OK
Content-Length: 88
Content-Type: application/json; charset=utf-8
cache-control: no-cache

20:54:30.762 [AsyncHttpClient-1-2] DEBUG org.asynchttpclient.netty.channel.ChannelManager - Adding key: http://localhost:12813 for channel [id: 0x13c3d0a1, L:/127.0.0.1:60243 - R:localhost/127.0.0.1:12813]
20:54:30.764 [Forwarding clickElement on session 930c68446927a4be21ff2af02f9625d4 to remote] DEBUG org.asynchttpclient.netty.request.NettyRequestSender - Using pooled Channel '[id: 0x13c3d0a1, L:/127.0.0.1:60243 - R:localhost/127.0.0.1:12813]' for 'POST' to 'http://localhost:12813/session/930c68446927a4be21ff2af02f9625d4/element/e706196f-6da9-4ff7-b0d5-45c880b9136b/click'
20:54:30.764 [Forwarding clickElement on session 930c68446927a4be21ff2af02f9625d4 to remote] DEBUG org.asynchttpclient.netty.request.NettyRequestSender - Using open Channel [id: 0x13c3d0a1, L:/127.0.0.1:60243 - R:localhost/127.0.0.1:12813] for POST '/session/930c68446927a4be21ff2af02f9625d4/element/e706196f-6da9-4ff7-b0d5-45c880b9136b/click'
20:54:30.829 [AsyncHttpClient-1-2] DEBUG org.asynchttpclient.netty.handler.HttpHandler - 

Request DefaultHttpRequest(decodeResult: success, version: HTTP/1.1)
POST /session/930c68446927a4be21ff2af02f9625d4/element/e706196f-6da9-4ff7-b0d5-45c880b9136b/click HTTP/1.1
User-Agent: selenium/4.8.1 (java windows)
Content-Length: 50
Content-Type: application/json; charset=utf-8
host: localhost:12813
accept: */*

Response DefaultHttpResponse(decodeResult: success, version: HTTP/1.1)
HTTP/1.1 200 OK
Content-Length: 14
Content-Type: application/json; charset=utf-8
cache-control: no-cache

20:54:30.829 [AsyncHttpClient-1-2] DEBUG org.asynchttpclient.netty.channel.ChannelManager - Adding key: http://localhost:12813 for channel [id: 0x13c3d0a1, L:/127.0.0.1:60243 - R:localhost/127.0.0.1:12813]
  &amp#27;[32mAnd &amp#27;[0m&amp#27;[32mI press submit button&amp#27;[0m                                                     &amp#27;[90m# starter.stepDefinitions.LoginSteps.i_press_submit_button()&amp#27;[0m
20:54:30.840 [Forwarding getAlertText on session 930c68446927a4be21ff2af02f9625d4 to remote] DEBUG org.asynchttpclient.netty.request.NettyRequestSender - Using pooled Channel '[id: 0x13c3d0a1, L:/127.0.0.1:60243 - R:localhost/127.0.0.1:12813]' for 'GET' to 'http://localhost:12813/session/930c68446927a4be21ff2af02f9625d4/alert/text'
20:54:30.840 [Forwarding getAlertText on session 930c68446927a4be21ff2af02f9625d4 to remote] DEBUG org.asynchttpclient.netty.request.NettyRequestSender - Using open Channel [id: 0x13c3d0a1, L:/127.0.0.1:60243 - R:localhost/127.0.0.1:12813] for GET '/session/930c68446927a4be21ff2af02f9625d4/alert/text'
20:54:30.842 [AsyncHttpClient-1-2] DEBUG org.asynchttpclient.netty.handler.HttpHandler - 

Request DefaultFullHttpRequest(decodeResult: success, version: HTTP/1.1, content: EmptyByteBufBE)
GET /session/930c68446927a4be21ff2af02f9625d4/alert/text HTTP/1.1
User-Agent: selenium/4.8.1 (java windows)
Cache-Control: no-cache
Content-Type: application/json; charset=utf-8
host: localhost:12813
accept: */*

Response DefaultHttpResponse(decodeResult: success, version: HTTP/1.1)
HTTP/1.1 404 Not Found
Content-Length: 816
Content-Type: application/json; charset=utf-8
cache-control: no-cache

20:54:30.842 [AsyncHttpClient-1-2] DEBUG org.asynchttpclient.netty.channel.ChannelManager - Adding key: http://localhost:12813 for channel [id: 0x13c3d0a1, L:/127.0.0.1:60243 - R:localhost/127.0.0.1:12813]
20:54:30.843 [Forwarding getCurrentUrl on session 930c68446927a4be21ff2af02f9625d4 to remote] DEBUG org.asynchttpclient.netty.request.NettyRequestSender - Using pooled Channel '[id: 0x13c3d0a1, L:/127.0.0.1:60243 - R:localhost/127.0.0.1:12813]' for 'GET' to 'http://localhost:12813/session/930c68446927a4be21ff2af02f9625d4/url'
20:54:30.843 [Forwarding getCurrentUrl on session 930c68446927a4be21ff2af02f9625d4 to remote] DEBUG org.asynchttpclient.netty.request.NettyRequestSender - Using open Channel [id: 0x13c3d0a1, L:/127.0.0.1:60243 - R:localhost/127.0.0.1:12813] for GET '/session/930c68446927a4be21ff2af02f9625d4/url'
20:54:30.846 [AsyncHttpClient-1-2] DEBUG org.asynchttpclient.netty.handler.HttpHandler - 

Request DefaultFullHttpRequest(decodeResult: success, version: HTTP/1.1, content: EmptyByteBufBE)
GET /session/930c68446927a4be21ff2af02f9625d4/url HTTP/1.1
User-Agent: selenium/4.8.1 (java windows)
Cache-Control: no-cache
Content-Type: application/json; charset=utf-8
host: localhost:12813
accept: */*

Response DefaultHttpResponse(decodeResult: success, version: HTTP/1.1)
HTTP/1.1 200 OK
Content-Length: 42
Content-Type: application/json; charset=utf-8
cache-control: no-cache

20:54:30.846 [AsyncHttpClient-1-2] DEBUG org.asynchttpclient.netty.channel.ChannelManager - Adding key: http://localhost:12813 for channel [id: 0x13c3d0a1, L:/127.0.0.1:60243 - R:localhost/127.0.0.1:12813]
[...]
20:55:14.808 [Forwarding getCurrentUrl on session 75f3c693838d264373d5f1ef0cef2af6 to remote] DEBUG org.asynchttpclient.netty.request.NettyRequestSender - Using pooled Channel '[id: 0x6626780f, L:/127.0.0.1:60462 - R:localhost/127.0.0.1:12984]' for 'GET' to 'http://localhost:12984/session/75f3c693838d264373d5f1ef0cef2af6/url'
20:55:14.808 [Forwarding getCurrentUrl on session 75f3c693838d264373d5f1ef0cef2af6 to remote] DEBUG org.asynchttpclient.netty.request.NettyRequestSender - Using open Channel [id: 0x6626780f, L:/127.0.0.1:60462 - R:localhost/127.0.0.1:12984] for GET '/session/75f3c693838d264373d5f1ef0cef2af6/url'
20:55:14.812 [AsyncHttpClient-1-17] DEBUG org.asynchttpclient.netty.handler.HttpHandler - 

Request DefaultFullHttpRequest(decodeResult: success, version: HTTP/1.1, content: EmptyByteBufBE)
GET /session/75f3c693838d264373d5f1ef0cef2af6/url HTTP/1.1
User-Agent: selenium/4.8.1 (java windows)
Cache-Control: no-cache
Content-Type: application/json; charset=utf-8
host: localhost:12984
accept: */*

Response DefaultHttpResponse(decodeResult: success, version: HTTP/1.1)
HTTP/1.1 200 OK
Content-Length: 60
Content-Type: application/json; charset=utf-8
cache-control: no-cache

20:55:14.812 [AsyncHttpClient-1-17] DEBUG org.asynchttpclient.netty.channel.ChannelManager - Adding key: http://localhost:12984 for channel [id: 0x6626780f, L:/127.0.0.1:60462 - R:localhost/127.0.0.1:12984]
20:55:14.813 [Forwarding screenshot on session 75f3c693838d264373d5f1ef0cef2af6 to remote] DEBUG org.asynchttpclient.netty.request.NettyRequestSender - Using pooled Channel '[id: 0x6626780f, L:/127.0.0.1:60462 - R:localhost/127.0.0.1:12984]' for 'GET' to 'http://localhost:12984/session/75f3c693838d264373d5f1ef0cef2af6/screenshot'
20:55:14.813 [Forwarding screenshot on session 75f3c693838d264373d5f1ef0cef2af6 to remote] DEBUG org.asynchttpclient.netty.request.NettyRequestSender - Using open Channel [id: 0x6626780f, L:/127.0.0.1:60462 - R:localhost/127.0.0.1:12984] for GET '/session/75f3c693838d264373d5f1ef0cef2af6/screenshot'
20:55:15.009 [AsyncHttpClient-1-17] DEBUG org.asynchttpclient.netty.handler.HttpHandler - 

Request DefaultFullHttpRequest(decodeResult: success, version: HTTP/1.1, content: EmptyByteBufBE)
GET /session/75f3c693838d264373d5f1ef0cef2af6/screenshot HTTP/1.1
User-Agent: selenium/4.8.1 (java windows)
Cache-Control: no-cache
Content-Type: application/json; charset=utf-8
host: localhost:12984
accept: */*

Response DefaultHttpResponse(decodeResult: success, version: HTTP/1.1)
HTTP/1.1 200 OK
Content-Length: 326896
Content-Type: application/json; charset=utf-8
cache-control: no-cache

20:55:15.010 [AsyncHttpClient-1-17] DEBUG org.asynchttpclient.netty.channel.ChannelManager - Adding key: http://localhost:12984 for channel [id: 0x6626780f, L:/127.0.0.1:60462 - R:localhost/127.0.0.1:12984]
20:55:15.017 [main] DEBUG net.serenitybdd.core.photography.Darkroom - Send negative for processing for target\site\serenity\93e4e5cf3dd86b9e9b867d2cd22df78c8978ff6e9313aafc44af8fe637322209.png
20:55:15.018 [Darkroom Processing Line] DEBUG net.serenitybdd.core.photography.DarkroomProcessingLine - Processing screenshot image in /var/screenshots/screenshot-16374605447366939047
20:55:15.018 [Darkroom Processing Line] DEBUG net.serenitybdd.core.photography.DarkroomProcessingLine - Saving screenshot to target\site\serenity\93e4e5cf3dd86b9e9b867d2cd22df78c8978ff6e9313aafc44af8fe637322209.png
20:55:15.019 [Forwarding getPageSource on session 75f3c693838d264373d5f1ef0cef2af6 to remote] DEBUG org.asynchttpclient.netty.request.NettyRequestSender - Using pooled Channel '[id: 0x6626780f, L:/127.0.0.1:60462 - R:localhost/127.0.0.1:12984]' for 'POST' to 'http://localhost:12984/session/75f3c693838d264373d5f1ef0cef2af6/execute/sync'
20:55:15.019 [Forwarding getPageSource on session 75f3c693838d264373d5f1ef0cef2af6 to remote] DEBUG org.asynchttpclient.netty.request.NettyRequestSender - Using open Channel [id: 0x6626780f, L:/127.0.0.1:60462 - R:localhost/127.0.0.1:12984] for POST '/session/75f3c693838d264373d5f1ef0cef2af6/execute/sync'
20:55:15.039 [AsyncHttpClient-1-17] DEBUG org.asynchttpclient.netty.handler.HttpHandler - 

Request DefaultHttpRequest(decodeResult: success, version: HTTP/1.1)
POST /session/75f3c693838d264373d5f1ef0cef2af6/execute/sync HTTP/1.1
User-Agent: selenium/4.8.1 (java windows)
Content-Length: 176
Content-Type: application/json; charset=utf-8
host: localhost:12984
accept: */*

Response DefaultHttpResponse(decodeResult: success, version: HTTP/1.1)
HTTP/1.1 200 OK
Content-Length: 104877
Content-Type: application/json; charset=utf-8
cache-control: no-cache

20:55:15.039 [AsyncHttpClient-1-17] DEBUG org.asynchttpclient.netty.channel.ChannelManager - Adding key: http://localhost:12984 for channel [id: 0x6626780f, L:/127.0.0.1:60462 - R:localhost/127.0.0.1:12984]
20:55:15.048 [Forwarding getCurrentUrl on session 75f3c693838d264373d5f1ef0cef2af6 to remote] DEBUG org.asynchttpclient.netty.request.NettyRequestSender - Using pooled Channel '[id: 0x6626780f, L:/127.0.0.1:60462 - R:localhost/127.0.0.1:12984]' for 'GET' to 'http://localhost:12984/session/75f3c693838d264373d5f1ef0cef2af6/url'
20:55:15.048 [Forwarding getCurrentUrl on session 75f3c693838d264373d5f1ef0cef2af6 to remote] DEBUG org.asynchttpclient.netty.request.NettyRequestSender - Using open Channel [id: 0x6626780f, L:/127.0.0.1:60462 - R:localhost/127.0.0.1:12984] for GET '/session/75f3c693838d264373d5f1ef0cef2af6/url'
20:55:15.052 [AsyncHttpClient-1-17] DEBUG org.asynchttpclient.netty.handler.HttpHandler - 

Request DefaultFullHttpRequest(decodeResult: success, version: HTTP/1.1, content: EmptyByteBufBE)
GET /session/75f3c693838d264373d5f1ef0cef2af6/url HTTP/1.1
User-Agent: selenium/4.8.1 (java windows)
Cache-Control: no-cache
Content-Type: application/json; charset=utf-8
host: localhost:12984
accept: */*

Response DefaultHttpResponse(decodeResult: success, version: HTTP/1.1)
HTTP/1.1 200 OK
Content-Length: 60
Content-Type: application/json; charset=utf-8
cache-control: no-cache

20:55:15.052 [AsyncHttpClient-1-17] DEBUG org.asynchttpclient.netty.channel.ChannelManager - Adding key: http://localhost:12984 for channel [id: 0x6626780f, L:/127.0.0.1:60462 - R:localhost/127.0.0.1:12984]
20:55:15.055 [main] DEBUG net.thucydides.core.steps.StepInterceptor - STARTING STEP: ProductSteps.i_will_be_directed_to_the_correct_product_page - checkTitleWording
20:55:15.066 [Forwarding findElement on session 75f3c693838d264373d5f1ef0cef2af6 to remote] DEBUG org.asynchttpclient.netty.request.NettyRequestSender - Using pooled Channel '[id: 0x6626780f, L:/127.0.0.1:60462 - R:localhost/127.0.0.1:12984]' for 'POST' to 'http://localhost:12984/session/75f3c693838d264373d5f1ef0cef2af6/element'
20:55:15.066 [Forwarding findElement on session 75f3c693838d264373d5f1ef0cef2af6 to remote] DEBUG org.asynchttpclient.netty.request.NettyRequestSender - Using open Channel [id: 0x6626780f, L:/127.0.0.1:60462 - R:localhost/127.0.0.1:12984] for POST '/session/75f3c693838d264373d5f1ef0cef2af6/element'
20:55:15.079 [AsyncHttpClient-1-17] DEBUG org.asynchttpclient.netty.handler.HttpHandler - 

Request DefaultHttpRequest(decodeResult: success, version: HTTP/1.1)
POST /session/75f3c693838d264373d5f1ef0cef2af6/element HTTP/1.1
User-Agent: selenium/4.8.1 (java windows)
Content-Length: 57
Content-Type: application/json; charset=utf-8
host: localhost:12984
accept: */*

Response DefaultHttpResponse(decodeResult: success, version: HTTP/1.1)
HTTP/1.1 200 OK
Content-Length: 88
Content-Type: application/json; charset=utf-8
cache-control: no-cache

20:55:15.079 [AsyncHttpClient-1-17] DEBUG org.asynchttpclient.netty.channel.ChannelManager - Adding key: http://localhost:12984 for channel [id: 0x6626780f, L:/127.0.0.1:60462 - R:localhost/127.0.0.1:12984]
20:55:15.080 [Forwarding findChildElements on session 75f3c693838d264373d5f1ef0cef2af6 to remote] DEBUG org.asynchttpclient.netty.request.NettyRequestSender - Using pooled Channel '[id: 0x6626780f, L:/127.0.0.1:60462 - R:localhost/127.0.0.1:12984]' for 'POST' to 'http://localhost:12984/session/75f3c693838d264373d5f1ef0cef2af6/element/b17f0dd5-3e64-45f9-acce-1eb23ebd3bc6/elements'
20:55:15.080 [Forwarding findChildElements on session 75f3c693838d264373d5f1ef0cef2af6 to remote] DEBUG org.asynchttpclient.netty.request.NettyRequestSender - Using open Channel [id: 0x6626780f, L:/127.0.0.1:60462 - R:localhost/127.0.0.1:12984] for POST '/session/75f3c693838d264373d5f1ef0cef2af6/element/b17f0dd5-3e64-45f9-acce-1eb23ebd3bc6/elements'
20:55:15.473 [AsyncHttpClient-1-1] DEBUG org.asynchttpclient.netty.channel.DefaultChannelPool - Entry count for : http://localhost:60464 : 1
20:55:16.570 [AsyncHttpClient-1-1] DEBUG org.asynchttpclient.netty.channel.DefaultChannelPool - Entry count for : http://localhost:60464 : 1
20:55:17.083 [AsyncHttpClient-1-17] DEBUG org.asynchttpclient.netty.handler.HttpHandler - 

Request DefaultHttpRequest(decodeResult: success, version: HTTP/1.1)
POST /session/75f3c693838d264373d5f1ef0cef2af6/element/b17f0dd5-3e64-45f9-acce-1eb23ebd3bc6/elements HTTP/1.1
User-Agent: selenium/4.8.1 (java windows)
Content-Length: 104
Content-Type: application/json; charset=utf-8
host: localhost:12984
accept: */*

Response DefaultHttpResponse(decodeResult: success, version: HTTP/1.1)
HTTP/1.1 200 OK
Content-Length: 12
Content-Type: application/json; charset=utf-8
cache-control: no-cache

20:55:17.083 [AsyncHttpClient-1-17] DEBUG org.asynchttpclient.netty.channel.ChannelManager - Adding key: http://localhost:12984 for channel [id: 0x6626780f, L:/127.0.0.1:60462 - R:localhost/127.0.0.1:12984]
20:55:17.087 [Forwarding getAlertText on session 75f3c693838d264373d5f1ef0cef2af6 to remote] DEBUG org.asynchttpclient.netty.request.NettyRequestSender - Using pooled Channel '[id: 0x6626780f, L:/127.0.0.1:60462 - R:localhost/127.0.0.1:12984]' for 'GET' to 'http://localhost:12984/session/75f3c693838d264373d5f1ef0cef2af6/alert/text'
20:55:17.087 [Forwarding getAlertText on session 75f3c693838d264373d5f1ef0cef2af6 to remote] DEBUG org.asynchttpclient.netty.request.NettyRequestSender - Using open Channel [id: 0x6626780f, L:/127.0.0.1:60462 - R:localhost/127.0.0.1:12984] for GET '/session/75f3c693838d264373d5f1ef0cef2af6/alert/text'
20:55:17.089 [AsyncHttpClient-1-17] DEBUG org.asynchttpclient.netty.handler.HttpHandler - 

Request DefaultFullHttpRequest(decodeResult: success, version: HTTP/1.1, content: EmptyByteBufBE)
GET /session/75f3c693838d264373d5f1ef0cef2af6/alert/text HTTP/1.1
User-Agent: selenium/4.8.1 (java windows)
Cache-Control: no-cache
Content-Type: application/json; charset=utf-8
host: localhost:12984
accept: */*

Response DefaultHttpResponse(decodeResult: success, version: HTTP/1.1)
HTTP/1.1 404 Not Found
Content-Length: 816
Content-Type: application/json; charset=utf-8
cache-control: no-cache

20:55:17.089 [AsyncHttpClient-1-17] DEBUG org.asynchttpclient.netty.channel.ChannelManager - Adding key: http://localhost:12984 for channel [id: 0x6626780f, L:/127.0.0.1:60462 - R:localhost/127.0.0.1:12984]
20:55:17.090 [Forwarding getCurrentUrl on session 75f3c693838d264373d5f1ef0cef2af6 to remote] DEBUG org.asynchttpclient.netty.request.NettyRequestSender - Using pooled Channel '[id: 0x6626780f, L:/127.0.0.1:60462 - R:localhost/127.0.0.1:12984]' for 'GET' to 'http://localhost:12984/session/75f3c693838d264373d5f1ef0cef2af6/url'
20:55:17.090 [Forwarding getCurrentUrl on session 75f3c693838d264373d5f1ef0cef2af6 to remote] DEBUG org.asynchttpclient.netty.request.NettyRequestSender - Using open Channel [id: 0x6626780f, L:/127.0.0.1:60462 - R:localhost/127.0.0.1:12984] for GET '/session/75f3c693838d264373d5f1ef0cef2af6/url'
20:55:17.092 [AsyncHttpClient-1-17] DEBUG org.asynchttpclient.netty.handler.HttpHandler - 

Request DefaultFullHttpRequest(decodeResult: success, version: HTTP/1.1, content: EmptyByteBufBE)
GET /session/75f3c693838d264373d5f1ef0cef2af6/url HTTP/1.1
User-Agent: selenium/4.8.1 (java windows)
Cache-Control: no-cache
Content-Type: application/json; charset=utf-8
host: localhost:12984
accept: */*

Response DefaultHttpResponse(decodeResult: success, version: HTTP/1.1)
HTTP/1.1 200 OK
Content-Length: 60
Content-Type: application/json; charset=utf-8
cache-control: no-cache

20:55:17.093 [AsyncHttpClient-1-17] DEBUG org.asynchttpclient.netty.channel.ChannelManager - Adding key: http://localhost:12984 for channel [id: 0x6626780f, L:/127.0.0.1:60462 - R:localhost/127.0.0.1:12984]
20:55:17.093 [Forwarding screenshot on session 75f3c693838d264373d5f1ef0cef2af6 to remote] DEBUG org.asynchttpclient.netty.request.NettyRequestSender - Using pooled Channel '[id: 0x6626780f, L:/127.0.0.1:60462 - R:localhost/127.0.0.1:12984]' for 'GET' to 'http://localhost:12984/session/75f3c693838d264373d5f1ef0cef2af6/screenshot'
20:55:17.093 [Forwarding screenshot on session 75f3c693838d264373d5f1ef0cef2af6 to remote] DEBUG org.asynchttpclient.netty.request.NettyRequestSender - Using open Channel [id: 0x6626780f, L:/127.0.0.1:60462 - R:localhost/127.0.0.1:12984] for GET '/session/75f3c693838d264373d5f1ef0cef2af6/screenshot'
20:55:17.277 [AsyncHttpClient-1-17] DEBUG org.asynchttpclient.netty.handler.HttpHandler - 

Request DefaultFullHttpRequest(decodeResult: success, version: HTTP/1.1, content: EmptyByteBufBE)
GET /session/75f3c693838d264373d5f1ef0cef2af6/screenshot HTTP/1.1
User-Agent: selenium/4.8.1 (java windows)
Cache-Control: no-cache
Content-Type: application/json; charset=utf-8
host: localhost:12984
accept: */*

Response DefaultHttpResponse(decodeResult: success, version: HTTP/1.1)
HTTP/1.1 200 OK
Content-Length: 388708
Content-Type: application/json; charset=utf-8
cache-control: no-cache

20:55:17.278 [AsyncHttpClient-1-17] DEBUG org.asynchttpclient.netty.channel.ChannelManager - Adding key: http://localhost:12984 for channel [id: 0x6626780f, L:/127.0.0.1:60462 - R:localhost/127.0.0.1:12984]
20:55:17.284 [main] DEBUG net.serenitybdd.core.photography.Darkroom - Send negative for processing for target\site\serenity\71d13698730b683653fd178349d9acd29b071076043748f5be2336d107713803.png
20:55:17.284 [main] DEBUG net.thucydides.core.steps.StepInterceptor - STEP DONE: checkTitleWording
  &amp#27;[32mThen &amp#27;[0m&amp#27;[32mI will be directed to the correct &amp#27;[0m&amp#27;[32m&amp#27;[1m"Voucher Game"&amp#27;[0m&amp#27;[32m product page&amp#27;[0m &amp#27;[90m# starter.stepDefinitions.ProductSteps.i_will_be_directed_to_the_correct_product_page(java.lang.String)&amp#27;[0m
20:55:17.285 [Darkroom Processing Line] DEBUG net.serenitybdd.core.photography.DarkroomProcessingLine - Processing screenshot image in /var/screenshots/screenshot-18127362705630396720
20:55:17.285 [Darkroom Processing Line] DEBUG net.serenitybdd.core.photography.DarkroomProcessingLine - Saving screenshot to target\site\serenity\71d13698730b683653fd178349d9acd29b071076043748f5be2336d107713803.png
20:55:17.294 [Driver Command Executor] DEBUG org.asynchttpclient.netty.request.NettyRequestSender - Using pooled Channel '[id: 0x6626780f, L:/127.0.0.1:60462 - R:localhost/127.0.0.1:12984]' for 'DELETE' to 'http://localhost:12984/session/75f3c693838d264373d5f1ef0cef2af6'
20:55:17.294 [AsyncHttpClient-1-19] DEBUG org.asynchttpclient.netty.handler.WebSocketHandler - Channel Closed: [id: 0xcfb6244c, L:/127.0.0.1:60472 ! R:localhost/127.0.0.1:60464] with attribute NettyResponseFuture{currentRetry=0,
	isDone=1,
	isCancelled=0,
	asyncHandler=org.asynchttpclient.ws.WebSocketUpgradeHandler@61151d3a,
	nettyRequest=org.asynchttpclient.netty.request.NettyRequest@24179f7c,
	future=java.util.concurrent.CompletableFuture@24c8e292[Completed normally],
	uri=ws://localhost:60464/devtools/browser/f8dbaa57-bf32-49a0-9540-764f45cee68f,
	keepAlive=true,
	redirectCount=0,
	timeoutsHolder=null,
	inAuth=0,
	touch=1680616510327}
20:55:17.294 [Driver Command Executor] DEBUG org.asynchttpclient.netty.request.NettyRequestSender - Using open Channel [id: 0x6626780f, L:/127.0.0.1:60462 - R:localhost/127.0.0.1:12984] for DELETE '/session/75f3c693838d264373d5f1ef0cef2af6'
20:55:17.294 [AsyncHttpClient-1-19] DEBUG org.asynchttpclient.netty.channel.ChannelManager - Closing Channel [id: 0xcfb6244c, L:/127.0.0.1:60472 ! R:localhost/127.0.0.1:60464] 
20:55:17.334 [AsyncHttpClient-1-18] DEBUG org.asynchttpclient.netty.handler.HttpHandler - Unexpected I/O exception on channel [id: 0x0c9021a3, L:/127.0.0.1:60471 - R:localhost/127.0.0.1:60464]
java.net.SocketException: Connection reset
	at java.base/sun.nio.ch.SocketChannelImpl.throwConnectionReset(SocketChannelImpl.java:401)
	at java.base/sun.nio.ch.SocketChannelImpl.read(SocketChannelImpl.java:434)
	at io.netty.buffer.PooledByteBuf.setBytes(PooledByteBuf.java:259)
	at io.netty.buffer.AbstractByteBuf.writeBytes(AbstractByteBuf.java:1132)
	at io.netty.channel.socket.nio.NioSocketChannel.doReadBytes(NioSocketChannel.java:357)
	at io.netty.channel.nio.AbstractNioByteChannel$NioByteUnsafe.read(AbstractNioByteChannel.java:151)
	at io.netty.channel.nio.NioEventLoop.processSelectedKey(NioEventLoop.java:788)
	at io.netty.channel.nio.NioEventLoop.processSelectedKeysOptimized(NioEventLoop.java:724)
	at io.netty.channel.nio.NioEventLoop.processSelectedKeys(NioEventLoop.java:650)
	at io.netty.channel.nio.NioEventLoop.run(NioEventLoop.java:562)
	at io.netty.util.concurrent.SingleThreadEventExecutor$4.run(SingleThreadEventExecutor.java:997)
	at io.netty.util.internal.ThreadExecutorMap$2.run(ThreadExecutorMap.java:74)
	at io.netty.util.concurrent.FastThreadLocalRunnable.run(FastThreadLocalRunnable.java:30)
	at java.base/java.lang.Thread.run(Thread.java:1589)
20:55:17.335 [AsyncHttpClient-1-18] DEBUG org.asynchttpclient.netty.channel.ChannelManager - Closing Channel [id: 0x0c9021a3, L:/127.0.0.1:60471 - R:localhost/127.0.0.1:60464] 
20:55:17.335 [AsyncHttpClient-1-18] DEBUG org.asynchttpclient.netty.handler.HttpHandler - Channel Closed: [id: 0x0c9021a3, L:/127.0.0.1:60471 ! R:localhost/127.0.0.1:60464] with attribute DISCARD
20:55:17.354 [AsyncHttpClient-1-17] DEBUG org.asynchttpclient.netty.handler.HttpHandler - 

Request DefaultFullHttpRequest(decodeResult: success, version: HTTP/1.1, content: EmptyByteBufBE)
DELETE /session/75f3c693838d264373d5f1ef0cef2af6 HTTP/1.1
User-Agent: selenium/4.8.1 (java windows)
Content-Type: application/json; charset=utf-8
host: localhost:12984
accept: */*

Response DefaultHttpResponse(decodeResult: success, version: HTTP/1.1)
HTTP/1.1 200 OK
Content-Length: 14
Content-Type: application/json; charset=utf-8
cache-control: no-cache

20:55:17.354 [AsyncHttpClient-1-17] DEBUG org.asynchttpclient.netty.channel.ChannelManager - Adding key: http://localhost:12984 for channel [id: 0x6626780f, L:/127.0.0.1:60462 - R:localhost/127.0.0.1:12984]
20:55:17.423 [AsyncHttpClient-1-17] DEBUG org.asynchttpclient.netty.handler.HttpHandler - Channel Closed: [id: 0x6626780f, L:/127.0.0.1:60462 ! R:localhost/127.0.0.1:12984] with attribute DISCARD
20:55:17.501 [main] INFO  - 
  _____   ___   ___   _____     ___     _     ___   ___   ___   ___  
 |_   _| | __| / __| |_   _|   | _ \   /_\   / __| / __| | __| |   \ 
   | |   | _|  \__ \   | |     |  _/  / _ \  \__ \ \__ \ | _|  | |) |
   |_|   |___| |___/   |_|     |_|   /_/ \_\ |___/ |___/ |___| |___/ 

As a user i can select product on homepage
----------------------------------------------------------------------
]]></system-out>
    <system-err><![CDATA[Starting ChromeDriver 111.0.5563.64 (c710e93d5b63b7095afe8c2c17df34408078439d-refs/branch-heads/5563@{#995}) on port 12984
Only local connections are allowed.
Please see https://chromedriver.chromium.org/security-considerations for suggestions on keeping ChromeDriver safe.
ChromeDriver was started successfully.
Apr 04, 2023 8:55:10 PM org.openqa.selenium.devtools.CdpVersionFinder findNearestMatch
WARNING: Unable to find an exact match for CDP version 111, so returning the closest version found: 110
]]></system-err>
  </testcase>
</testsuite>